The system is: Linux - 3.0.13-0.27-default - x86_64
Compiling the C compiler identification source file "CMakeCCompilerId.c" succeeded.
Compiler: /usr/bin/gcc 
Build flags: 
Id flags: 

The output was:
0


Compilation of the C compiler identification source "CMakeCCompilerId.c" produced "a.out"

The C compiler identification is GNU, found in "/vr_work/chen_fa/hemelb-dev/hemelb/Code/build/CMakeFiles/CompilerIdC/a.out"

Compiling the CXX compiler identification source file "CMakeCXXCompilerId.cpp" succeeded.
Compiler: /usr/bin/c++ 
Build flags: 
Id flags: 

The output was:
0


Compilation of the CXX compiler identification source "CMakeCXXCompilerId.cpp" produced "a.out"

The CXX compiler identification is GNU, found in "/vr_work/chen_fa/hemelb-dev/hemelb/Code/build/CMakeFiles/CompilerIdCXX/a.out"

Determining if the C compiler works passed with the following output:
Change Dir: /vr_work/chen_fa/hemelb-dev/hemelb/Code/build/CMakeFiles/CMakeTmp

Run Build Command:/usr/bin/gmake "cmTryCompileExec/fast"
/usr/bin/gmake -f CMakeFiles/cmTryCompileExec.dir/build.make CMakeFiles/cmTryCompileExec.dir/build
gmake[1]: Entering directory `/vr_work/chen_fa/hemelb-dev/hemelb/Code/build/CMakeFiles/CMakeTmp'
/research/modules/installs/application/cmake-2.8.4/bin/cmake -E cmake_progress_report /vr_work/chen_fa/hemelb-dev/hemelb/Code/build/CMakeFiles/CMakeTmp/CMakeFiles 1
Building C object CMakeFiles/cmTryCompileExec.dir/testCCompiler.c.o
/usr/bin/gcc    -o CMakeFiles/cmTryCompileExec.dir/testCCompiler.c.o   -c /vr_work/chen_fa/hemelb-dev/hemelb/Code/build/CMakeFiles/CMakeTmp/testCCompiler.c
Linking C executable cmTryCompileExec
/research/modules/installs/application/cmake-2.8.4/bin/cmake -E cmake_link_script CMakeFiles/cmTryCompileExec.dir/link.txt --verbose=1
/usr/bin/gcc        CMakeFiles/cmTryCompileExec.dir/testCCompiler.c.o  -o cmTryCompileExec -rdynamic 
gmake[1]: Leaving directory `/vr_work/chen_fa/hemelb-dev/hemelb/Code/build/CMakeFiles/CMakeTmp'


Detecting C compiler ABI info compiled with the following output:
Change Dir: /vr_work/chen_fa/hemelb-dev/hemelb/Code/build/CMakeFiles/CMakeTmp

Run Build Command:/usr/bin/gmake "cmTryCompileExec/fast"
/usr/bin/gmake -f CMakeFiles/cmTryCompileExec.dir/build.make CMakeFiles/cmTryCompileExec.dir/build
gmake[1]: Entering directory `/vr_work/chen_fa/hemelb-dev/hemelb/Code/build/CMakeFiles/CMakeTmp'
/research/modules/installs/application/cmake-2.8.4/bin/cmake -E cmake_progress_report /vr_work/chen_fa/hemelb-dev/hemelb/Code/build/CMakeFiles/CMakeTmp/CMakeFiles 1
Building C object CMakeFiles/cmTryCompileExec.dir/CMakeCCompilerABI.c.o
/usr/bin/gcc    -o CMakeFiles/cmTryCompileExec.dir/CMakeCCompilerABI.c.o   -c /research/modules/installs/application/cmake-2.8.4/share/cmake-2.8/Modules/CMakeCCompilerABI.c
Linking C executable cmTryCompileExec
/research/modules/installs/application/cmake-2.8.4/bin/cmake -E cmake_link_script CMakeFiles/cmTryCompileExec.dir/link.txt --verbose=1
/usr/bin/gcc       -v CMakeFiles/cmTryCompileExec.dir/CMakeCCompilerABI.c.o  -o cmTryCompileExec -rdynamic  
Using built-in specs.
Target: x86_64-suse-linux
Configured with: ../configure --prefix=/usr --infodir=/usr/share/info --mandir=/usr/share/man --libdir=/usr/lib64 --libexecdir=/usr/lib64 --enable-languages=c,c++,objc,fortran,obj-c++,java,ada --enable-checking=release --with-gxx-include-dir=/usr/include/c++/4.3 --enable-ssp --disable-libssp --with-bugurl=http://bugs.opensuse.org/ --with-pkgversion='SUSE Linux' --disable-libgcj --disable-libmudflap --with-slibdir=/lib64 --with-system-zlib --enable-__cxa_atexit --enable-libstdcxx-allocator=new --disable-libstdcxx-pch --enable-version-specific-runtime-libs --program-suffix=-4.3 --enable-linux-futex --without-system-libunwind --with-cpu=generic --build=x86_64-suse-linux
Thread model: posix
gcc version 4.3.4 [gcc-4_3-branch revision 152973] (SUSE Linux) 
COMPILER_PATH=/usr/lib64/gcc/x86_64-suse-linux/4.3/:/usr/lib64/gcc/x86_64-suse-linux/4.3/:/usr/lib64/gcc/x86_64-suse-linux/:/usr/lib64/gcc/x86_64-suse-linux/4.3/:/usr/lib64/gcc/x86_64-suse-linux/:/usr/lib64/gcc/x86_64-suse-linux/4.3/../../../../x86_64-suse-linux/bin/
LIBRARY_PATH=/usr/lib64/gcc/x86_64-suse-linux/4.3/:/usr/lib64/gcc/x86_64-suse-linux/4.3/../../../../lib64/:/lib/../lib64/:/usr/lib/../lib64/:/usr/lib64/gcc/x86_64-suse-linux/4.3/../../../../x86_64-suse-linux/lib/:/usr/lib64/gcc/x86_64-suse-linux/4.3/../../../:/lib/:/usr/lib/
COLLECT_GCC_OPTIONS='-v' '-o' 'cmTryCompileExec' '-rdynamic' '-mtune=generic'
 /usr/lib64/gcc/x86_64-suse-linux/4.3/collect2 --build-id --eh-frame-hdr -m elf_x86_64 -export-dynamic -dynamic-linker /lib64/ld-linux-x86-64.so.2 -o cmTryCompileExec /usr/lib64/gcc/x86_64-suse-linux/4.3/../../../../lib64/crt1.o /usr/lib64/gcc/x86_64-suse-linux/4.3/../../../../lib64/crti.o /usr/lib64/gcc/x86_64-suse-linux/4.3/crtbegin.o -L/usr/lib64/gcc/x86_64-suse-linux/4.3 -L/usr/lib64/gcc/x86_64-suse-linux/4.3/../../../../lib64 -L/lib/../lib64 -L/usr/lib/../lib64 -L/usr/lib64/gcc/x86_64-suse-linux/4.3/../../../../x86_64-suse-linux/lib -L/usr/lib64/gcc/x86_64-suse-linux/4.3/../../.. CMakeFiles/cmTryCompileExec.dir/CMakeCCompilerABI.c.o -lgcc --as-needed -lgcc_s --no-as-needed -lc -lgcc --as-needed -lgcc_s --no-as-needed /usr/lib64/gcc/x86_64-suse-linux/4.3/crtend.o /usr/lib64/gcc/x86_64-suse-linux/4.3/../../../../lib64/crtn.o
gmake[1]: Leaving directory `/vr_work/chen_fa/hemelb-dev/hemelb/Code/build/CMakeFiles/CMakeTmp'


Parsed C implicit link information from above output:
  link line regex: [^( *|.*[/\])(ld|ld|collect2)[^/\]*( |$)]
  ignore line: [Change Dir: /vr_work/chen_fa/hemelb-dev/hemelb/Code/build/CMakeFiles/CMakeTmp]
  ignore line: []
  ignore line: [Run Build Command:/usr/bin/gmake "cmTryCompileExec/fast"]
  ignore line: [/usr/bin/gmake -f CMakeFiles/cmTryCompileExec.dir/build.make CMakeFiles/cmTryCompileExec.dir/build]
  ignore line: [gmake[1]: Entering directory `/vr_work/chen_fa/hemelb-dev/hemelb/Code/build/CMakeFiles/CMakeTmp']
  ignore line: [/research/modules/installs/application/cmake-2.8.4/bin/cmake -E cmake_progress_report /vr_work/chen_fa/hemelb-dev/hemelb/Code/build/CMakeFiles/CMakeTmp/CMakeFiles 1]
  ignore line: [Building C object CMakeFiles/cmTryCompileExec.dir/CMakeCCompilerABI.c.o]
  ignore line: [/usr/bin/gcc    -o CMakeFiles/cmTryCompileExec.dir/CMakeCCompilerABI.c.o   -c /research/modules/installs/application/cmake-2.8.4/share/cmake-2.8/Modules/CMakeCCompilerABI.c]
  ignore line: [Linking C executable cmTryCompileExec]
  ignore line: [/research/modules/installs/application/cmake-2.8.4/bin/cmake -E cmake_link_script CMakeFiles/cmTryCompileExec.dir/link.txt --verbose=1]
  ignore line: [/usr/bin/gcc       -v CMakeFiles/cmTryCompileExec.dir/CMakeCCompilerABI.c.o  -o cmTryCompileExec -rdynamic  ]
  ignore line: [Using built-in specs.]
  ignore line: [Target: x86_64-suse-linux]
  ignore line: [Configured with: ../configure --prefix=/usr --infodir=/usr/share/info --mandir=/usr/share/man --libdir=/usr/lib64 --libexecdir=/usr/lib64 --enable-languages=c,c++,objc,fortran,obj-c++,java,ada --enable-checking=release --with-gxx-include-dir=/usr/include/c++/4.3 --enable-ssp --disable-libssp --with-bugurl=http://bugs.opensuse.org/ --with-pkgversion='SUSE Linux' --disable-libgcj --disable-libmudflap --with-slibdir=/lib64 --with-system-zlib --enable-__cxa_atexit --enable-libstdcxx-allocator=new --disable-libstdcxx-pch --enable-version-specific-runtime-libs --program-suffix=-4.3 --enable-linux-futex --without-system-libunwind --with-cpu=generic --build=x86_64-suse-linux]
  ignore line: [Thread model: posix]
  ignore line: [gcc version 4.3.4 [gcc-4_3-branch revision 152973] (SUSE Linux) ]
  ignore line: [COMPILER_PATH=/usr/lib64/gcc/x86_64-suse-linux/4.3/:/usr/lib64/gcc/x86_64-suse-linux/4.3/:/usr/lib64/gcc/x86_64-suse-linux/:/usr/lib64/gcc/x86_64-suse-linux/4.3/:/usr/lib64/gcc/x86_64-suse-linux/:/usr/lib64/gcc/x86_64-suse-linux/4.3/../../../../x86_64-suse-linux/bin/]
  ignore line: [LIBRARY_PATH=/usr/lib64/gcc/x86_64-suse-linux/4.3/:/usr/lib64/gcc/x86_64-suse-linux/4.3/../../../../lib64/:/lib/../lib64/:/usr/lib/../lib64/:/usr/lib64/gcc/x86_64-suse-linux/4.3/../../../../x86_64-suse-linux/lib/:/usr/lib64/gcc/x86_64-suse-linux/4.3/../../../:/lib/:/usr/lib/]
  ignore line: [COLLECT_GCC_OPTIONS='-v' '-o' 'cmTryCompileExec' '-rdynamic' '-mtune=generic']
  link line: [ /usr/lib64/gcc/x86_64-suse-linux/4.3/collect2 --build-id --eh-frame-hdr -m elf_x86_64 -export-dynamic -dynamic-linker /lib64/ld-linux-x86-64.so.2 -o cmTryCompileExec /usr/lib64/gcc/x86_64-suse-linux/4.3/../../../../lib64/crt1.o /usr/lib64/gcc/x86_64-suse-linux/4.3/../../../../lib64/crti.o /usr/lib64/gcc/x86_64-suse-linux/4.3/crtbegin.o -L/usr/lib64/gcc/x86_64-suse-linux/4.3 -L/usr/lib64/gcc/x86_64-suse-linux/4.3/../../../../lib64 -L/lib/../lib64 -L/usr/lib/../lib64 -L/usr/lib64/gcc/x86_64-suse-linux/4.3/../../../../x86_64-suse-linux/lib -L/usr/lib64/gcc/x86_64-suse-linux/4.3/../../.. CMakeFiles/cmTryCompileExec.dir/CMakeCCompilerABI.c.o -lgcc --as-needed -lgcc_s --no-as-needed -lc -lgcc --as-needed -lgcc_s --no-as-needed /usr/lib64/gcc/x86_64-suse-linux/4.3/crtend.o /usr/lib64/gcc/x86_64-suse-linux/4.3/../../../../lib64/crtn.o]
    arg [/usr/lib64/gcc/x86_64-suse-linux/4.3/collect2] ==> ignore
    arg [--build-id] ==> ignore
    arg [--eh-frame-hdr] ==> ignore
    arg [-m] ==> ignore
    arg [elf_x86_64] ==> ignore
    arg [-export-dynamic] ==> ignore
    arg [-dynamic-linker] ==> ignore
    arg [/lib64/ld-linux-x86-64.so.2] ==> ignore
    arg [-o] ==> ignore
    arg [cmTryCompileExec] ==> ignore
    arg [/usr/lib64/gcc/x86_64-suse-linux/4.3/../../../../lib64/crt1.o] ==> ignore
    arg [/usr/lib64/gcc/x86_64-suse-linux/4.3/../../../../lib64/crti.o] ==> ignore
    arg [/usr/lib64/gcc/x86_64-suse-linux/4.3/crtbegin.o] ==> ignore
    arg [-L/usr/lib64/gcc/x86_64-suse-linux/4.3] ==> dir [/usr/lib64/gcc/x86_64-suse-linux/4.3]
    arg [-L/usr/lib64/gcc/x86_64-suse-linux/4.3/../../../../lib64] ==> dir [/usr/lib64/gcc/x86_64-suse-linux/4.3/../../../../lib64]
    arg [-L/lib/../lib64] ==> dir [/lib/../lib64]
    arg [-L/usr/lib/../lib64] ==> dir [/usr/lib/../lib64]
    arg [-L/usr/lib64/gcc/x86_64-suse-linux/4.3/../../../../x86_64-suse-linux/lib] ==> dir [/usr/lib64/gcc/x86_64-suse-linux/4.3/../../../../x86_64-suse-linux/lib]
    arg [-L/usr/lib64/gcc/x86_64-suse-linux/4.3/../../..] ==> dir [/usr/lib64/gcc/x86_64-suse-linux/4.3/../../..]
    arg [CMakeFiles/cmTryCompileExec.dir/CMakeCCompilerABI.c.o] ==> ignore
    arg [-lgcc] ==> lib [gcc]
    arg [--as-needed] ==> ignore
    arg [-lgcc_s] ==> lib [gcc_s]
    arg [--no-as-needed] ==> ignore
    arg [-lc] ==> lib [c]
    arg [-lgcc] ==> lib [gcc]
    arg [--as-needed] ==> ignore
    arg [-lgcc_s] ==> lib [gcc_s]
    arg [--no-as-needed] ==> ignore
    arg [/usr/lib64/gcc/x86_64-suse-linux/4.3/crtend.o] ==> ignore
    arg [/usr/lib64/gcc/x86_64-suse-linux/4.3/../../../../lib64/crtn.o] ==> ignore
  remove lib [gcc]
  remove lib [gcc_s]
  remove lib [gcc]
  remove lib [gcc_s]
  collapse dir [/usr/lib64/gcc/x86_64-suse-linux/4.3] ==> [/usr/lib64/gcc/x86_64-suse-linux/4.3]
  collapse dir [/usr/lib64/gcc/x86_64-suse-linux/4.3/../../../../lib64] ==> [/usr/lib64]
  collapse dir [/lib/../lib64] ==> [/lib64]
  collapse dir [/usr/lib/../lib64] ==> [/usr/lib64]
  collapse dir [/usr/lib64/gcc/x86_64-suse-linux/4.3/../../../../x86_64-suse-linux/lib] ==> [/usr/x86_64-suse-linux/lib]
  collapse dir [/usr/lib64/gcc/x86_64-suse-linux/4.3/../../..] ==> [/usr/lib64]
  implicit libs: [c]
  implicit dirs: [/usr/lib64/gcc/x86_64-suse-linux/4.3;/usr/lib64;/lib64;/usr/x86_64-suse-linux/lib]


Determining if the CXX compiler works passed with the following output:
Change Dir: /vr_work/chen_fa/hemelb-dev/hemelb/Code/build/CMakeFiles/CMakeTmp

Run Build Command:/usr/bin/gmake "cmTryCompileExec/fast"
/usr/bin/gmake -f CMakeFiles/cmTryCompileExec.dir/build.make CMakeFiles/cmTryCompileExec.dir/build
gmake[1]: Entering directory `/vr_work/chen_fa/hemelb-dev/hemelb/Code/build/CMakeFiles/CMakeTmp'
/research/modules/installs/application/cmake-2.8.4/bin/cmake -E cmake_progress_report /vr_work/chen_fa/hemelb-dev/hemelb/Code/build/CMakeFiles/CMakeTmp/CMakeFiles 1
Building CXX object CMakeFiles/cmTryCompileExec.dir/testCXXCompiler.cxx.o
/usr/bin/c++     -o CMakeFiles/cmTryCompileExec.dir/testCXXCompiler.cxx.o -c /vr_work/chen_fa/hemelb-dev/hemelb/Code/build/CMakeFiles/CMakeTmp/testCXXCompiler.cxx
Linking CXX executable cmTryCompileExec
/research/modules/installs/application/cmake-2.8.4/bin/cmake -E cmake_link_script CMakeFiles/cmTryCompileExec.dir/link.txt --verbose=1
/usr/bin/c++         CMakeFiles/cmTryCompileExec.dir/testCXXCompiler.cxx.o  -o cmTryCompileExec -rdynamic 
gmake[1]: Leaving directory `/vr_work/chen_fa/hemelb-dev/hemelb/Code/build/CMakeFiles/CMakeTmp'


Detecting CXX compiler ABI info compiled with the following output:
Change Dir: /vr_work/chen_fa/hemelb-dev/hemelb/Code/build/CMakeFiles/CMakeTmp

Run Build Command:/usr/bin/gmake "cmTryCompileExec/fast"
/usr/bin/gmake -f CMakeFiles/cmTryCompileExec.dir/build.make CMakeFiles/cmTryCompileExec.dir/build
gmake[1]: Entering directory `/vr_work/chen_fa/hemelb-dev/hemelb/Code/build/CMakeFiles/CMakeTmp'
/research/modules/installs/application/cmake-2.8.4/bin/cmake -E cmake_progress_report /vr_work/chen_fa/hemelb-dev/hemelb/Code/build/CMakeFiles/CMakeTmp/CMakeFiles 1
Building CXX object CMakeFiles/cmTryCompileExec.dir/CMakeCXXCompilerABI.cpp.o
/usr/bin/c++     -o CMakeFiles/cmTryCompileExec.dir/CMakeCXXCompilerABI.cpp.o -c /research/modules/installs/application/cmake-2.8.4/share/cmake-2.8/Modules/CMakeCXXCompilerABI.cpp
Linking CXX executable cmTryCompileExec
/research/modules/installs/application/cmake-2.8.4/bin/cmake -E cmake_link_script CMakeFiles/cmTryCompileExec.dir/link.txt --verbose=1
/usr/bin/c++        -v CMakeFiles/cmTryCompileExec.dir/CMakeCXXCompilerABI.cpp.o  -o cmTryCompileExec -rdynamic  
Using built-in specs.
Target: x86_64-suse-linux
Configured with: ../configure --prefix=/usr --infodir=/usr/share/info --mandir=/usr/share/man --libdir=/usr/lib64 --libexecdir=/usr/lib64 --enable-languages=c,c++,objc,fortran,obj-c++,java,ada --enable-checking=release --with-gxx-include-dir=/usr/include/c++/4.3 --enable-ssp --disable-libssp --with-bugurl=http://bugs.opensuse.org/ --with-pkgversion='SUSE Linux' --disable-libgcj --disable-libmudflap --with-slibdir=/lib64 --with-system-zlib --enable-__cxa_atexit --enable-libstdcxx-allocator=new --disable-libstdcxx-pch --enable-version-specific-runtime-libs --program-suffix=-4.3 --enable-linux-futex --without-system-libunwind --with-cpu=generic --build=x86_64-suse-linux
Thread model: posix
gcc version 4.3.4 [gcc-4_3-branch revision 152973] (SUSE Linux) 
COMPILER_PATH=/usr/lib64/gcc/x86_64-suse-linux/4.3/:/usr/lib64/gcc/x86_64-suse-linux/4.3/:/usr/lib64/gcc/x86_64-suse-linux/:/usr/lib64/gcc/x86_64-suse-linux/4.3/:/usr/lib64/gcc/x86_64-suse-linux/:/usr/lib64/gcc/x86_64-suse-linux/4.3/../../../../x86_64-suse-linux/bin/
LIBRARY_PATH=/usr/lib64/gcc/x86_64-suse-linux/4.3/:/usr/lib64/gcc/x86_64-suse-linux/4.3/../../../../lib64/:/lib/../lib64/:/usr/lib/../lib64/:/usr/lib64/gcc/x86_64-suse-linux/4.3/../../../../x86_64-suse-linux/lib/:/usr/lib64/gcc/x86_64-suse-linux/4.3/../../../:/lib/:/usr/lib/
COLLECT_GCC_OPTIONS='-v' '-o' 'cmTryCompileExec' '-rdynamic' '-shared-libgcc' '-mtune=generic'
 /usr/lib64/gcc/x86_64-suse-linux/4.3/collect2 --build-id --eh-frame-hdr -m elf_x86_64 -export-dynamic -dynamic-linker /lib64/ld-linux-x86-64.so.2 -o cmTryCompileExec /usr/lib64/gcc/x86_64-suse-linux/4.3/../../../../lib64/crt1.o /usr/lib64/gcc/x86_64-suse-linux/4.3/../../../../lib64/crti.o /usr/lib64/gcc/x86_64-suse-linux/4.3/crtbegin.o -L/usr/lib64/gcc/x86_64-suse-linux/4.3 -L/usr/lib64/gcc/x86_64-suse-linux/4.3/../../../../lib64 -L/lib/../lib64 -L/usr/lib/../lib64 -L/usr/lib64/gcc/x86_64-suse-linux/4.3/../../../../x86_64-suse-linux/lib -L/usr/lib64/gcc/x86_64-suse-linux/4.3/../../.. CMakeFiles/cmTryCompileExec.dir/CMakeCXXCompilerABI.cpp.o -lstdc++ -lm -lgcc_s -lgcc -lc -lgcc_s -lgcc /usr/lib64/gcc/x86_64-suse-linux/4.3/crtend.o /usr/lib64/gcc/x86_64-suse-linux/4.3/../../../../lib64/crtn.o
gmake[1]: Leaving directory `/vr_work/chen_fa/hemelb-dev/hemelb/Code/build/CMakeFiles/CMakeTmp'


Parsed CXX implicit link information from above output:
  link line regex: [^( *|.*[/\])(ld|ld|collect2)[^/\]*( |$)]
  ignore line: [Change Dir: /vr_work/chen_fa/hemelb-dev/hemelb/Code/build/CMakeFiles/CMakeTmp]
  ignore line: []
  ignore line: [Run Build Command:/usr/bin/gmake "cmTryCompileExec/fast"]
  ignore line: [/usr/bin/gmake -f CMakeFiles/cmTryCompileExec.dir/build.make CMakeFiles/cmTryCompileExec.dir/build]
  ignore line: [gmake[1]: Entering directory `/vr_work/chen_fa/hemelb-dev/hemelb/Code/build/CMakeFiles/CMakeTmp']
  ignore line: [/research/modules/installs/application/cmake-2.8.4/bin/cmake -E cmake_progress_report /vr_work/chen_fa/hemelb-dev/hemelb/Code/build/CMakeFiles/CMakeTmp/CMakeFiles 1]
  ignore line: [Building CXX object CMakeFiles/cmTryCompileExec.dir/CMakeCXXCompilerABI.cpp.o]
  ignore line: [/usr/bin/c++     -o CMakeFiles/cmTryCompileExec.dir/CMakeCXXCompilerABI.cpp.o -c /research/modules/installs/application/cmake-2.8.4/share/cmake-2.8/Modules/CMakeCXXCompilerABI.cpp]
  ignore line: [Linking CXX executable cmTryCompileExec]
  ignore line: [/research/modules/installs/application/cmake-2.8.4/bin/cmake -E cmake_link_script CMakeFiles/cmTryCompileExec.dir/link.txt --verbose=1]
  ignore line: [/usr/bin/c++        -v CMakeFiles/cmTryCompileExec.dir/CMakeCXXCompilerABI.cpp.o  -o cmTryCompileExec -rdynamic  ]
  ignore line: [Using built-in specs.]
  ignore line: [Target: x86_64-suse-linux]
  ignore line: [Configured with: ../configure --prefix=/usr --infodir=/usr/share/info --mandir=/usr/share/man --libdir=/usr/lib64 --libexecdir=/usr/lib64 --enable-languages=c,c++,objc,fortran,obj-c++,java,ada --enable-checking=release --with-gxx-include-dir=/usr/include/c++/4.3 --enable-ssp --disable-libssp --with-bugurl=http://bugs.opensuse.org/ --with-pkgversion='SUSE Linux' --disable-libgcj --disable-libmudflap --with-slibdir=/lib64 --with-system-zlib --enable-__cxa_atexit --enable-libstdcxx-allocator=new --disable-libstdcxx-pch --enable-version-specific-runtime-libs --program-suffix=-4.3 --enable-linux-futex --without-system-libunwind --with-cpu=generic --build=x86_64-suse-linux]
  ignore line: [Thread model: posix]
  ignore line: [gcc version 4.3.4 [gcc-4_3-branch revision 152973] (SUSE Linux) ]
  ignore line: [COMPILER_PATH=/usr/lib64/gcc/x86_64-suse-linux/4.3/:/usr/lib64/gcc/x86_64-suse-linux/4.3/:/usr/lib64/gcc/x86_64-suse-linux/:/usr/lib64/gcc/x86_64-suse-linux/4.3/:/usr/lib64/gcc/x86_64-suse-linux/:/usr/lib64/gcc/x86_64-suse-linux/4.3/../../../../x86_64-suse-linux/bin/]
  ignore line: [LIBRARY_PATH=/usr/lib64/gcc/x86_64-suse-linux/4.3/:/usr/lib64/gcc/x86_64-suse-linux/4.3/../../../../lib64/:/lib/../lib64/:/usr/lib/../lib64/:/usr/lib64/gcc/x86_64-suse-linux/4.3/../../../../x86_64-suse-linux/lib/:/usr/lib64/gcc/x86_64-suse-linux/4.3/../../../:/lib/:/usr/lib/]
  ignore line: [COLLECT_GCC_OPTIONS='-v' '-o' 'cmTryCompileExec' '-rdynamic' '-shared-libgcc' '-mtune=generic']
  link line: [ /usr/lib64/gcc/x86_64-suse-linux/4.3/collect2 --build-id --eh-frame-hdr -m elf_x86_64 -export-dynamic -dynamic-linker /lib64/ld-linux-x86-64.so.2 -o cmTryCompileExec /usr/lib64/gcc/x86_64-suse-linux/4.3/../../../../lib64/crt1.o /usr/lib64/gcc/x86_64-suse-linux/4.3/../../../../lib64/crti.o /usr/lib64/gcc/x86_64-suse-linux/4.3/crtbegin.o -L/usr/lib64/gcc/x86_64-suse-linux/4.3 -L/usr/lib64/gcc/x86_64-suse-linux/4.3/../../../../lib64 -L/lib/../lib64 -L/usr/lib/../lib64 -L/usr/lib64/gcc/x86_64-suse-linux/4.3/../../../../x86_64-suse-linux/lib -L/usr/lib64/gcc/x86_64-suse-linux/4.3/../../.. CMakeFiles/cmTryCompileExec.dir/CMakeCXXCompilerABI.cpp.o -lstdc++ -lm -lgcc_s -lgcc -lc -lgcc_s -lgcc /usr/lib64/gcc/x86_64-suse-linux/4.3/crtend.o /usr/lib64/gcc/x86_64-suse-linux/4.3/../../../../lib64/crtn.o]
    arg [/usr/lib64/gcc/x86_64-suse-linux/4.3/collect2] ==> ignore
    arg [--build-id] ==> ignore
    arg [--eh-frame-hdr] ==> ignore
    arg [-m] ==> ignore
    arg [elf_x86_64] ==> ignore
    arg [-export-dynamic] ==> ignore
    arg [-dynamic-linker] ==> ignore
    arg [/lib64/ld-linux-x86-64.so.2] ==> ignore
    arg [-o] ==> ignore
    arg [cmTryCompileExec] ==> ignore
    arg [/usr/lib64/gcc/x86_64-suse-linux/4.3/../../../../lib64/crt1.o] ==> ignore
    arg [/usr/lib64/gcc/x86_64-suse-linux/4.3/../../../../lib64/crti.o] ==> ignore
    arg [/usr/lib64/gcc/x86_64-suse-linux/4.3/crtbegin.o] ==> ignore
    arg [-L/usr/lib64/gcc/x86_64-suse-linux/4.3] ==> dir [/usr/lib64/gcc/x86_64-suse-linux/4.3]
    arg [-L/usr/lib64/gcc/x86_64-suse-linux/4.3/../../../../lib64] ==> dir [/usr/lib64/gcc/x86_64-suse-linux/4.3/../../../../lib64]
    arg [-L/lib/../lib64] ==> dir [/lib/../lib64]
    arg [-L/usr/lib/../lib64] ==> dir [/usr/lib/../lib64]
    arg [-L/usr/lib64/gcc/x86_64-suse-linux/4.3/../../../../x86_64-suse-linux/lib] ==> dir [/usr/lib64/gcc/x86_64-suse-linux/4.3/../../../../x86_64-suse-linux/lib]
    arg [-L/usr/lib64/gcc/x86_64-suse-linux/4.3/../../..] ==> dir [/usr/lib64/gcc/x86_64-suse-linux/4.3/../../..]
    arg [CMakeFiles/cmTryCompileExec.dir/CMakeCXXCompilerABI.cpp.o] ==> ignore
    arg [-lstdc++] ==> lib [stdc++]
    arg [-lm] ==> lib [m]
    arg [-lgcc_s] ==> lib [gcc_s]
    arg [-lgcc] ==> lib [gcc]
    arg [-lc] ==> lib [c]
    arg [-lgcc_s] ==> lib [gcc_s]
    arg [-lgcc] ==> lib [gcc]
    arg [/usr/lib64/gcc/x86_64-suse-linux/4.3/crtend.o] ==> ignore
    arg [/usr/lib64/gcc/x86_64-suse-linux/4.3/../../../../lib64/crtn.o] ==> ignore
  remove lib [gcc_s]
  remove lib [gcc]
  remove lib [gcc_s]
  remove lib [gcc]
  collapse dir [/usr/lib64/gcc/x86_64-suse-linux/4.3] ==> [/usr/lib64/gcc/x86_64-suse-linux/4.3]
  collapse dir [/usr/lib64/gcc/x86_64-suse-linux/4.3/../../../../lib64] ==> [/usr/lib64]
  collapse dir [/lib/../lib64] ==> [/lib64]
  collapse dir [/usr/lib/../lib64] ==> [/usr/lib64]
  collapse dir [/usr/lib64/gcc/x86_64-suse-linux/4.3/../../../../x86_64-suse-linux/lib] ==> [/usr/x86_64-suse-linux/lib]
  collapse dir [/usr/lib64/gcc/x86_64-suse-linux/4.3/../../..] ==> [/usr/lib64]
  implicit libs: [stdc++;m;c]
  implicit dirs: [/usr/lib64/gcc/x86_64-suse-linux/4.3;/usr/lib64;/lib64;/usr/x86_64-suse-linux/lib]


Performing C++ SOURCE FILE Test HAVE_ISNAN succeded with the following output:
Change Dir: /vr_work/chen_fa/hemelb-dev/hemelb/Code/build/CMakeFiles/CMakeTmp

Run Build Command:/usr/bin/gmake "cmTryCompileExec/fast"
/usr/bin/gmake -f CMakeFiles/cmTryCompileExec.dir/build.make CMakeFiles/cmTryCompileExec.dir/build
gmake[1]: Entering directory `/vr_work/chen_fa/hemelb-dev/hemelb/Code/build/CMakeFiles/CMakeTmp'
/research/modules/installs/application/cmake-2.8.4/bin/cmake -E cmake_progress_report /vr_work/chen_fa/hemelb-dev/hemelb/Code/build/CMakeFiles/CMakeTmp/CMakeFiles 1
Building CXX object CMakeFiles/cmTryCompileExec.dir/src.cxx.o
/usr/bin/c++    -Wall -O4  -DHAVE_ISNAN   -o CMakeFiles/cmTryCompileExec.dir/src.cxx.o -c /vr_work/chen_fa/hemelb-dev/hemelb/Code/build/CMakeFiles/CMakeTmp/src.cxx
Linking CXX executable cmTryCompileExec
/research/modules/installs/application/cmake-2.8.4/bin/cmake -E cmake_link_script CMakeFiles/cmTryCompileExec.dir/link.txt --verbose=1
/usr/bin/c++     -Wall -O4  -DHAVE_ISNAN   CMakeFiles/cmTryCompileExec.dir/src.cxx.o  -o cmTryCompileExec -rdynamic 
gmake[1]: Leaving directory `/vr_work/chen_fa/hemelb-dev/hemelb/Code/build/CMakeFiles/CMakeTmp'

Source file was:
#include <cmath>
 int main(int c,char** v){ return isnan(1.0); }
Performing C++ SOURCE FILE Test HAVE_STD_ISNAN succeded with the following output:
Change Dir: /vr_work/chen_fa/hemelb-dev/hemelb/Code/build/CMakeFiles/CMakeTmp

Run Build Command:/usr/bin/gmake "cmTryCompileExec/fast"
/usr/bin/gmake -f CMakeFiles/cmTryCompileExec.dir/build.make CMakeFiles/cmTryCompileExec.dir/build
gmake[1]: Entering directory `/vr_work/chen_fa/hemelb-dev/hemelb/Code/build/CMakeFiles/CMakeTmp'
/research/modules/installs/application/cmake-2.8.4/bin/cmake -E cmake_progress_report /vr_work/chen_fa/hemelb-dev/hemelb/Code/build/CMakeFiles/CMakeTmp/CMakeFiles 1
Building CXX object CMakeFiles/cmTryCompileExec.dir/src.cxx.o
/usr/bin/c++    -Wall -O4  -DHAVE_STD_ISNAN   -o CMakeFiles/cmTryCompileExec.dir/src.cxx.o -c /vr_work/chen_fa/hemelb-dev/hemelb/Code/build/CMakeFiles/CMakeTmp/src.cxx
Linking CXX executable cmTryCompileExec
/research/modules/installs/application/cmake-2.8.4/bin/cmake -E cmake_link_script CMakeFiles/cmTryCompileExec.dir/link.txt --verbose=1
/usr/bin/c++     -Wall -O4  -DHAVE_STD_ISNAN   CMakeFiles/cmTryCompileExec.dir/src.cxx.o  -o cmTryCompileExec -rdynamic 
gmake[1]: Leaving directory `/vr_work/chen_fa/hemelb-dev/hemelb/Code/build/CMakeFiles/CMakeTmp'

Source file was:
#include <cmath>
 int main(int c,char** v){ return std::isnan(1.0); }
Performing C++ SOURCE FILE Test HAVE_RUSAGE succeded with the following output:
Change Dir: /vr_work/chen_fa/hemelb-dev/hemelb/Code/build/CMakeFiles/CMakeTmp

Run Build Command:/usr/bin/gmake "cmTryCompileExec/fast"
/usr/bin/gmake -f CMakeFiles/cmTryCompileExec.dir/build.make CMakeFiles/cmTryCompileExec.dir/build
gmake[1]: Entering directory `/vr_work/chen_fa/hemelb-dev/hemelb/Code/build/CMakeFiles/CMakeTmp'
/research/modules/installs/application/cmake-2.8.4/bin/cmake -E cmake_progress_report /vr_work/chen_fa/hemelb-dev/hemelb/Code/build/CMakeFiles/CMakeTmp/CMakeFiles 1
Building CXX object CMakeFiles/cmTryCompileExec.dir/src.cxx.o
/usr/bin/c++    -Wall -O4  -DHAVE_RUSAGE   -o CMakeFiles/cmTryCompileExec.dir/src.cxx.o -c /vr_work/chen_fa/hemelb-dev/hemelb/Code/build/CMakeFiles/CMakeTmp/src.cxx
Linking CXX executable cmTryCompileExec
/research/modules/installs/application/cmake-2.8.4/bin/cmake -E cmake_link_script CMakeFiles/cmTryCompileExec.dir/link.txt --verbose=1
/usr/bin/c++     -Wall -O4  -DHAVE_RUSAGE   CMakeFiles/cmTryCompileExec.dir/src.cxx.o  -o cmTryCompileExec -rdynamic 
gmake[1]: Leaving directory `/vr_work/chen_fa/hemelb-dev/hemelb/Code/build/CMakeFiles/CMakeTmp'

Source file was:
#include <sys/time.h>
#include <sys/resource.h>
int main(int c,char** v){ rusage usage;
getrusage(RUSAGE_SELF, &usage);
return usage.ru_maxrss; }
Performing C++ SOURCE FILE Test HAVE_XDRUINTXX_T succeded with the following output:
Change Dir: /vr_work/chen_fa/hemelb-dev/hemelb/Code/build/CMakeFiles/CMakeTmp

Run Build Command:/usr/bin/gmake "cmTryCompileExec/fast"
/usr/bin/gmake -f CMakeFiles/cmTryCompileExec.dir/build.make CMakeFiles/cmTryCompileExec.dir/build
gmake[1]: Entering directory `/vr_work/chen_fa/hemelb-dev/hemelb/Code/build/CMakeFiles/CMakeTmp'
/research/modules/installs/application/cmake-2.8.4/bin/cmake -E cmake_progress_report /vr_work/chen_fa/hemelb-dev/hemelb/Code/build/CMakeFiles/CMakeTmp/CMakeFiles 1
Building CXX object CMakeFiles/cmTryCompileExec.dir/src.cxx.o
/usr/bin/c++    -Wall -O4  -DHAVE_XDRUINTXX_T   -o CMakeFiles/cmTryCompileExec.dir/src.cxx.o -c /vr_work/chen_fa/hemelb-dev/hemelb/Code/build/CMakeFiles/CMakeTmp/src.cxx
Linking CXX executable cmTryCompileExec
/research/modules/installs/application/cmake-2.8.4/bin/cmake -E cmake_link_script CMakeFiles/cmTryCompileExec.dir/link.txt --verbose=1
/usr/bin/c++     -Wall -O4  -DHAVE_XDRUINTXX_T   CMakeFiles/cmTryCompileExec.dir/src.cxx.o  -o cmTryCompileExec -rdynamic 
gmake[1]: Leaving directory `/vr_work/chen_fa/hemelb-dev/hemelb/Code/build/CMakeFiles/CMakeTmp'

Source file was:

#include <stdint.h>
#include <rpc/types.h>
#include <rpc/xdr.h>
int main(int count, char** v){
  char buffer[15] = "aaaaaaaaaaaaa";
  XDR xdr;
  xdrmem_create(&xdr, buffer, 32, XDR_ENCODE);
  uint16_t a;
  uint32_t b;
  uint64_t c;
  xdr_uint16_t(&xdr, &a);
  xdr_uint32_t(&xdr, &b);
  xdr_uint64_t(&xdr, &c);
  return b;
}
Performing C++ SOURCE FILE Test LINUX_SCANDIR succeded with the following output:
Change Dir: /vr_work/chen_fa/hemelb-dev/hemelb/Code/build/CMakeFiles/CMakeTmp

Run Build Command:/usr/bin/gmake "cmTryCompileExec/fast"
/usr/bin/gmake -f CMakeFiles/cmTryCompileExec.dir/build.make CMakeFiles/cmTryCompileExec.dir/build
gmake[1]: Entering directory `/vr_work/chen_fa/hemelb-dev/hemelb/Code/build/CMakeFiles/CMakeTmp'
/research/modules/installs/application/cmake-2.8.4/bin/cmake -E cmake_progress_report /vr_work/chen_fa/hemelb-dev/hemelb/Code/build/CMakeFiles/CMakeTmp/CMakeFiles 1
Building CXX object CMakeFiles/cmTryCompileExec.dir/src.cxx.o
/usr/bin/c++    -Wall -O4  -DLINUX_SCANDIR   -o CMakeFiles/cmTryCompileExec.dir/src.cxx.o -c /vr_work/chen_fa/hemelb-dev/hemelb/Code/build/CMakeFiles/CMakeTmp/src.cxx
/vr_work/chen_fa/hemelb-dev/hemelb/Code/build/CMakeFiles/CMakeTmp/src.cxx: In function ‘int main(int, char**)’:
/vr_work/chen_fa/hemelb-dev/hemelb/Code/build/CMakeFiles/CMakeTmp/src.cxx:23: warning: unused variable ‘file_count’
Linking CXX executable cmTryCompileExec
/research/modules/installs/application/cmake-2.8.4/bin/cmake -E cmake_link_script CMakeFiles/cmTryCompileExec.dir/link.txt --verbose=1
/usr/bin/c++     -Wall -O4  -DLINUX_SCANDIR   CMakeFiles/cmTryCompileExec.dir/src.cxx.o  -o cmTryCompileExec -rdynamic 
gmake[1]: Leaving directory `/vr_work/chen_fa/hemelb-dev/hemelb/Code/build/CMakeFiles/CMakeTmp'

Source file was:

#include <string>
#include <dirent.h>
#include <cstdlib>
#include <cstdio>
#include <cstring>
#include <fstream>
#include <unistd.h>
#include <sys/dir.h>
#include <sys/types.h>
#include <sys/stat.h>
#include <sstream>

typedef const struct direct direct_t;
int selectOnlyContents(direct_t *entry)
    {
    return 1;
    }
int main(int count, char** v)
    {
      std::string pathname = "	mp";
      struct direct **files;
      int file_count = scandir(pathname.c_str(), &files, selectOnlyContents, alphasort);
      return 0;
    }
The system is: Linux - 3.0.13-0.27-default - x86_64
Compiling the C compiler identification source file "CMakeCCompilerId.c" succeeded.
Compiler: /usr/bin/cc 
Build flags: 
Id flags: 

The output was:
0


Compilation of the C compiler identification source "CMakeCCompilerId.c" produced "a.out"

The C compiler identification is GNU, found in "/group/SRV/Group-ScientificVisualization/FangChen/hemelb-dev/hemelb/Code/build/CMakeFiles/2.8.12/CompilerIdC/a.out"

Compiling the CXX compiler identification source file "CMakeCXXCompilerId.cpp" succeeded.
Compiler: /usr/bin/c++ 
Build flags: 
Id flags: 

The output was:
0


Compilation of the CXX compiler identification source "CMakeCXXCompilerId.cpp" produced "a.out"

The CXX compiler identification is GNU, found in "/group/SRV/Group-ScientificVisualization/FangChen/hemelb-dev/hemelb/Code/build/CMakeFiles/2.8.12/CompilerIdCXX/a.out"

Determining if the C compiler works passed with the following output:
Change Dir: /group/SRV/Group-ScientificVisualization/FangChen/hemelb-dev/hemelb/Code/build/CMakeFiles/CMakeTmp

Run Build Command:/usr/bin/gmake "cmTryCompileExec969007789/fast"
/usr/bin/gmake -f CMakeFiles/cmTryCompileExec969007789.dir/build.make CMakeFiles/cmTryCompileExec969007789.dir/build
gmake[1]: Entering directory `/group/SRV/Group-ScientificVisualization/FangChen/hemelb-dev/hemelb/Code/build/CMakeFiles/CMakeTmp'
/usr/local/bin/cmake -E cmake_progress_report /group/SRV/Group-ScientificVisualization/FangChen/hemelb-dev/hemelb/Code/build/CMakeFiles/CMakeTmp/CMakeFiles 1
Building C object CMakeFiles/cmTryCompileExec969007789.dir/testCCompiler.c.o
/usr/bin/cc    -o CMakeFiles/cmTryCompileExec969007789.dir/testCCompiler.c.o   -c /group/SRV/Group-ScientificVisualization/FangChen/hemelb-dev/hemelb/Code/build/CMakeFiles/CMakeTmp/testCCompiler.c
Linking C executable cmTryCompileExec969007789
/usr/local/bin/cmake -E cmake_link_script CMakeFiles/cmTryCompileExec969007789.dir/link.txt --verbose=1
/usr/bin/cc       CMakeFiles/cmTryCompileExec969007789.dir/testCCompiler.c.o  -o cmTryCompileExec969007789 -rdynamic 
gmake[1]: Leaving directory `/group/SRV/Group-ScientificVisualization/FangChen/hemelb-dev/hemelb/Code/build/CMakeFiles/CMakeTmp'


Detecting C compiler ABI info compiled with the following output:
Change Dir: /group/SRV/Group-ScientificVisualization/FangChen/hemelb-dev/hemelb/Code/build/CMakeFiles/CMakeTmp

Run Build Command:/usr/bin/gmake "cmTryCompileExec883930844/fast"
/usr/bin/gmake -f CMakeFiles/cmTryCompileExec883930844.dir/build.make CMakeFiles/cmTryCompileExec883930844.dir/build
gmake[1]: Entering directory `/group/SRV/Group-ScientificVisualization/FangChen/hemelb-dev/hemelb/Code/build/CMakeFiles/CMakeTmp'
/usr/local/bin/cmake -E cmake_progress_report /group/SRV/Group-ScientificVisualization/FangChen/hemelb-dev/hemelb/Code/build/CMakeFiles/CMakeTmp/CMakeFiles 1
Building C object CMakeFiles/cmTryCompileExec883930844.dir/CMakeCCompilerABI.c.o
/usr/bin/cc    -o CMakeFiles/cmTryCompileExec883930844.dir/CMakeCCompilerABI.c.o   -c /usr/local/share/cmake-2.8/Modules/CMakeCCompilerABI.c
Linking C executable cmTryCompileExec883930844
/usr/local/bin/cmake -E cmake_link_script CMakeFiles/cmTryCompileExec883930844.dir/link.txt --verbose=1
/usr/bin/cc     -v CMakeFiles/cmTryCompileExec883930844.dir/CMakeCCompilerABI.c.o  -o cmTryCompileExec883930844 -rdynamic  
Using built-in specs.
Target: x86_64-suse-linux
Configured with: ../configure --prefix=/usr --infodir=/usr/share/info --mandir=/usr/share/man --libdir=/usr/lib64 --libexecdir=/usr/lib64 --enable-languages=c,c++,objc,fortran,obj-c++,java,ada --enable-checking=release --with-gxx-include-dir=/usr/include/c++/4.3 --enable-ssp --disable-libssp --with-bugurl=http://bugs.opensuse.org/ --with-pkgversion='SUSE Linux' --disable-libgcj --disable-libmudflap --with-slibdir=/lib64 --with-system-zlib --enable-__cxa_atexit --enable-libstdcxx-allocator=new --disable-libstdcxx-pch --enable-version-specific-runtime-libs --program-suffix=-4.3 --enable-linux-futex --without-system-libunwind --with-cpu=generic --build=x86_64-suse-linux
Thread model: posix
gcc version 4.3.4 [gcc-4_3-branch revision 152973] (SUSE Linux) 
COMPILER_PATH=/usr/lib64/gcc/x86_64-suse-linux/4.3/:/usr/lib64/gcc/x86_64-suse-linux/4.3/:/usr/lib64/gcc/x86_64-suse-linux/:/usr/lib64/gcc/x86_64-suse-linux/4.3/:/usr/lib64/gcc/x86_64-suse-linux/:/usr/lib64/gcc/x86_64-suse-linux/4.3/../../../../x86_64-suse-linux/bin/
LIBRARY_PATH=/usr/lib64/gcc/x86_64-suse-linux/4.3/:/usr/lib64/gcc/x86_64-suse-linux/4.3/../../../../lib64/:/lib/../lib64/:/usr/lib/../lib64/:/usr/lib64/gcc/x86_64-suse-linux/4.3/../../../../x86_64-suse-linux/lib/:/usr/lib64/gcc/x86_64-suse-linux/4.3/../../../:/lib/:/usr/lib/
COLLECT_GCC_OPTIONS='-v' '-o' 'cmTryCompileExec883930844' '-rdynamic' '-mtune=generic'
 /usr/lib64/gcc/x86_64-suse-linux/4.3/collect2 --build-id --eh-frame-hdr -m elf_x86_64 -export-dynamic -dynamic-linker /lib64/ld-linux-x86-64.so.2 -o cmTryCompileExec883930844 /usr/lib64/gcc/x86_64-suse-linux/4.3/../../../../lib64/crt1.o /usr/lib64/gcc/x86_64-suse-linux/4.3/../../../../lib64/crti.o /usr/lib64/gcc/x86_64-suse-linux/4.3/crtbegin.o -L/usr/lib64/gcc/x86_64-suse-linux/4.3 -L/usr/lib64/gcc/x86_64-suse-linux/4.3/../../../../lib64 -L/lib/../lib64 -L/usr/lib/../lib64 -L/usr/lib64/gcc/x86_64-suse-linux/4.3/../../../../x86_64-suse-linux/lib -L/usr/lib64/gcc/x86_64-suse-linux/4.3/../../.. CMakeFiles/cmTryCompileExec883930844.dir/CMakeCCompilerABI.c.o -lgcc --as-needed -lgcc_s --no-as-needed -lc -lgcc --as-needed -lgcc_s --no-as-needed /usr/lib64/gcc/x86_64-suse-linux/4.3/crtend.o /usr/lib64/gcc/x86_64-suse-linux/4.3/../../../../lib64/crtn.o
gmake[1]: Leaving directory `/group/SRV/Group-ScientificVisualization/FangChen/hemelb-dev/hemelb/Code/build/CMakeFiles/CMakeTmp'


Parsed C implicit link information from above output:
  link line regex: [^( *|.*[/\])(ld|([^/\]+-)?ld|collect2)[^/\]*( |$)]
  ignore line: [Change Dir: /group/SRV/Group-ScientificVisualization/FangChen/hemelb-dev/hemelb/Code/build/CMakeFiles/CMakeTmp]
  ignore line: []
  ignore line: [Run Build Command:/usr/bin/gmake "cmTryCompileExec883930844/fast"]
  ignore line: [/usr/bin/gmake -f CMakeFiles/cmTryCompileExec883930844.dir/build.make CMakeFiles/cmTryCompileExec883930844.dir/build]
  ignore line: [gmake[1]: Entering directory `/group/SRV/Group-ScientificVisualization/FangChen/hemelb-dev/hemelb/Code/build/CMakeFiles/CMakeTmp']
  ignore line: [/usr/local/bin/cmake -E cmake_progress_report /group/SRV/Group-ScientificVisualization/FangChen/hemelb-dev/hemelb/Code/build/CMakeFiles/CMakeTmp/CMakeFiles 1]
  ignore line: [Building C object CMakeFiles/cmTryCompileExec883930844.dir/CMakeCCompilerABI.c.o]
  ignore line: [/usr/bin/cc    -o CMakeFiles/cmTryCompileExec883930844.dir/CMakeCCompilerABI.c.o   -c /usr/local/share/cmake-2.8/Modules/CMakeCCompilerABI.c]
  ignore line: [Linking C executable cmTryCompileExec883930844]
  ignore line: [/usr/local/bin/cmake -E cmake_link_script CMakeFiles/cmTryCompileExec883930844.dir/link.txt --verbose=1]
  ignore line: [/usr/bin/cc     -v CMakeFiles/cmTryCompileExec883930844.dir/CMakeCCompilerABI.c.o  -o cmTryCompileExec883930844 -rdynamic  ]
  ignore line: [Using built-in specs.]
  ignore line: [Target: x86_64-suse-linux]
  ignore line: [Configured with: ../configure --prefix=/usr --infodir=/usr/share/info --mandir=/usr/share/man --libdir=/usr/lib64 --libexecdir=/usr/lib64 --enable-languages=c,c++,objc,fortran,obj-c++,java,ada --enable-checking=release --with-gxx-include-dir=/usr/include/c++/4.3 --enable-ssp --disable-libssp --with-bugurl=http://bugs.opensuse.org/ --with-pkgversion='SUSE Linux' --disable-libgcj --disable-libmudflap --with-slibdir=/lib64 --with-system-zlib --enable-__cxa_atexit --enable-libstdcxx-allocator=new --disable-libstdcxx-pch --enable-version-specific-runtime-libs --program-suffix=-4.3 --enable-linux-futex --without-system-libunwind --with-cpu=generic --build=x86_64-suse-linux]
  ignore line: [Thread model: posix]
  ignore line: [gcc version 4.3.4 [gcc-4_3-branch revision 152973] (SUSE Linux) ]
  ignore line: [COMPILER_PATH=/usr/lib64/gcc/x86_64-suse-linux/4.3/:/usr/lib64/gcc/x86_64-suse-linux/4.3/:/usr/lib64/gcc/x86_64-suse-linux/:/usr/lib64/gcc/x86_64-suse-linux/4.3/:/usr/lib64/gcc/x86_64-suse-linux/:/usr/lib64/gcc/x86_64-suse-linux/4.3/../../../../x86_64-suse-linux/bin/]
  ignore line: [LIBRARY_PATH=/usr/lib64/gcc/x86_64-suse-linux/4.3/:/usr/lib64/gcc/x86_64-suse-linux/4.3/../../../../lib64/:/lib/../lib64/:/usr/lib/../lib64/:/usr/lib64/gcc/x86_64-suse-linux/4.3/../../../../x86_64-suse-linux/lib/:/usr/lib64/gcc/x86_64-suse-linux/4.3/../../../:/lib/:/usr/lib/]
  ignore line: [COLLECT_GCC_OPTIONS='-v' '-o' 'cmTryCompileExec883930844' '-rdynamic' '-mtune=generic']
  link line: [ /usr/lib64/gcc/x86_64-suse-linux/4.3/collect2 --build-id --eh-frame-hdr -m elf_x86_64 -export-dynamic -dynamic-linker /lib64/ld-linux-x86-64.so.2 -o cmTryCompileExec883930844 /usr/lib64/gcc/x86_64-suse-linux/4.3/../../../../lib64/crt1.o /usr/lib64/gcc/x86_64-suse-linux/4.3/../../../../lib64/crti.o /usr/lib64/gcc/x86_64-suse-linux/4.3/crtbegin.o -L/usr/lib64/gcc/x86_64-suse-linux/4.3 -L/usr/lib64/gcc/x86_64-suse-linux/4.3/../../../../lib64 -L/lib/../lib64 -L/usr/lib/../lib64 -L/usr/lib64/gcc/x86_64-suse-linux/4.3/../../../../x86_64-suse-linux/lib -L/usr/lib64/gcc/x86_64-suse-linux/4.3/../../.. CMakeFiles/cmTryCompileExec883930844.dir/CMakeCCompilerABI.c.o -lgcc --as-needed -lgcc_s --no-as-needed -lc -lgcc --as-needed -lgcc_s --no-as-needed /usr/lib64/gcc/x86_64-suse-linux/4.3/crtend.o /usr/lib64/gcc/x86_64-suse-linux/4.3/../../../../lib64/crtn.o]
    arg [/usr/lib64/gcc/x86_64-suse-linux/4.3/collect2] ==> ignore
    arg [--build-id] ==> ignore
    arg [--eh-frame-hdr] ==> ignore
    arg [-m] ==> ignore
    arg [elf_x86_64] ==> ignore
    arg [-export-dynamic] ==> ignore
    arg [-dynamic-linker] ==> ignore
    arg [/lib64/ld-linux-x86-64.so.2] ==> ignore
    arg [-o] ==> ignore
    arg [cmTryCompileExec883930844] ==> ignore
    arg [/usr/lib64/gcc/x86_64-suse-linux/4.3/../../../../lib64/crt1.o] ==> ignore
    arg [/usr/lib64/gcc/x86_64-suse-linux/4.3/../../../../lib64/crti.o] ==> ignore
    arg [/usr/lib64/gcc/x86_64-suse-linux/4.3/crtbegin.o] ==> ignore
    arg [-L/usr/lib64/gcc/x86_64-suse-linux/4.3] ==> dir [/usr/lib64/gcc/x86_64-suse-linux/4.3]
    arg [-L/usr/lib64/gcc/x86_64-suse-linux/4.3/../../../../lib64] ==> dir [/usr/lib64/gcc/x86_64-suse-linux/4.3/../../../../lib64]
    arg [-L/lib/../lib64] ==> dir [/lib/../lib64]
    arg [-L/usr/lib/../lib64] ==> dir [/usr/lib/../lib64]
    arg [-L/usr/lib64/gcc/x86_64-suse-linux/4.3/../../../../x86_64-suse-linux/lib] ==> dir [/usr/lib64/gcc/x86_64-suse-linux/4.3/../../../../x86_64-suse-linux/lib]
    arg [-L/usr/lib64/gcc/x86_64-suse-linux/4.3/../../..] ==> dir [/usr/lib64/gcc/x86_64-suse-linux/4.3/../../..]
    arg [CMakeFiles/cmTryCompileExec883930844.dir/CMakeCCompilerABI.c.o] ==> ignore
    arg [-lgcc] ==> lib [gcc]
    arg [--as-needed] ==> ignore
    arg [-lgcc_s] ==> lib [gcc_s]
    arg [--no-as-needed] ==> ignore
    arg [-lc] ==> lib [c]
    arg [-lgcc] ==> lib [gcc]
    arg [--as-needed] ==> ignore
    arg [-lgcc_s] ==> lib [gcc_s]
    arg [--no-as-needed] ==> ignore
    arg [/usr/lib64/gcc/x86_64-suse-linux/4.3/crtend.o] ==> ignore
    arg [/usr/lib64/gcc/x86_64-suse-linux/4.3/../../../../lib64/crtn.o] ==> ignore
  remove lib [gcc]
  remove lib [gcc_s]
  remove lib [gcc]
  remove lib [gcc_s]
  collapse library dir [/usr/lib64/gcc/x86_64-suse-linux/4.3] ==> [/usr/lib64/gcc/x86_64-suse-linux/4.3]
  collapse library dir [/usr/lib64/gcc/x86_64-suse-linux/4.3/../../../../lib64] ==> [/usr/lib64]
  collapse library dir [/lib/../lib64] ==> [/lib64]
  collapse library dir [/usr/lib/../lib64] ==> [/usr/lib64]
  collapse library dir [/usr/lib64/gcc/x86_64-suse-linux/4.3/../../../../x86_64-suse-linux/lib] ==> [/usr/x86_64-suse-linux/lib]
  collapse library dir [/usr/lib64/gcc/x86_64-suse-linux/4.3/../../..] ==> [/usr/lib64]
  implicit libs: [c]
  implicit dirs: [/usr/lib64/gcc/x86_64-suse-linux/4.3;/usr/lib64;/lib64;/usr/x86_64-suse-linux/lib]
  implicit fwks: []


Determining if the CXX compiler works passed with the following output:
Change Dir: /group/SRV/Group-ScientificVisualization/FangChen/hemelb-dev/hemelb/Code/build/CMakeFiles/CMakeTmp

Run Build Command:/usr/bin/gmake "cmTryCompileExec3499162488/fast"
/usr/bin/gmake -f CMakeFiles/cmTryCompileExec3499162488.dir/build.make CMakeFiles/cmTryCompileExec3499162488.dir/build
gmake[1]: Entering directory `/group/SRV/Group-ScientificVisualization/FangChen/hemelb-dev/hemelb/Code/build/CMakeFiles/CMakeTmp'
/usr/local/bin/cmake -E cmake_progress_report /group/SRV/Group-ScientificVisualization/FangChen/hemelb-dev/hemelb/Code/build/CMakeFiles/CMakeTmp/CMakeFiles 1
Building CXX object CMakeFiles/cmTryCompileExec3499162488.dir/testCXXCompiler.cxx.o
/usr/bin/c++     -o CMakeFiles/cmTryCompileExec3499162488.dir/testCXXCompiler.cxx.o -c /group/SRV/Group-ScientificVisualization/FangChen/hemelb-dev/hemelb/Code/build/CMakeFiles/CMakeTmp/testCXXCompiler.cxx
Linking CXX executable cmTryCompileExec3499162488
/usr/local/bin/cmake -E cmake_link_script CMakeFiles/cmTryCompileExec3499162488.dir/link.txt --verbose=1
/usr/bin/c++        CMakeFiles/cmTryCompileExec3499162488.dir/testCXXCompiler.cxx.o  -o cmTryCompileExec3499162488 -rdynamic 
gmake[1]: Leaving directory `/group/SRV/Group-ScientificVisualization/FangChen/hemelb-dev/hemelb/Code/build/CMakeFiles/CMakeTmp'


Detecting CXX compiler ABI info compiled with the following output:
Change Dir: /group/SRV/Group-ScientificVisualization/FangChen/hemelb-dev/hemelb/Code/build/CMakeFiles/CMakeTmp

Run Build Command:/usr/bin/gmake "cmTryCompileExec3677007995/fast"
/usr/bin/gmake -f CMakeFiles/cmTryCompileExec3677007995.dir/build.make CMakeFiles/cmTryCompileExec3677007995.dir/build
gmake[1]: Entering directory `/group/SRV/Group-ScientificVisualization/FangChen/hemelb-dev/hemelb/Code/build/CMakeFiles/CMakeTmp'
/usr/local/bin/cmake -E cmake_progress_report /group/SRV/Group-ScientificVisualization/FangChen/hemelb-dev/hemelb/Code/build/CMakeFiles/CMakeTmp/CMakeFiles 1
Building CXX object CMakeFiles/cmTryCompileExec3677007995.dir/CMakeCXXCompilerABI.cpp.o
/usr/bin/c++     -o CMakeFiles/cmTryCompileExec3677007995.dir/CMakeCXXCompilerABI.cpp.o -c /usr/local/share/cmake-2.8/Modules/CMakeCXXCompilerABI.cpp
Linking CXX executable cmTryCompileExec3677007995
/usr/local/bin/cmake -E cmake_link_script CMakeFiles/cmTryCompileExec3677007995.dir/link.txt --verbose=1
/usr/bin/c++      -v CMakeFiles/cmTryCompileExec3677007995.dir/CMakeCXXCompilerABI.cpp.o  -o cmTryCompileExec3677007995 -rdynamic  
Using built-in specs.
Target: x86_64-suse-linux
Configured with: ../configure --prefix=/usr --infodir=/usr/share/info --mandir=/usr/share/man --libdir=/usr/lib64 --libexecdir=/usr/lib64 --enable-languages=c,c++,objc,fortran,obj-c++,java,ada --enable-checking=release --with-gxx-include-dir=/usr/include/c++/4.3 --enable-ssp --disable-libssp --with-bugurl=http://bugs.opensuse.org/ --with-pkgversion='SUSE Linux' --disable-libgcj --disable-libmudflap --with-slibdir=/lib64 --with-system-zlib --enable-__cxa_atexit --enable-libstdcxx-allocator=new --disable-libstdcxx-pch --enable-version-specific-runtime-libs --program-suffix=-4.3 --enable-linux-futex --without-system-libunwind --with-cpu=generic --build=x86_64-suse-linux
Thread model: posix
gcc version 4.3.4 [gcc-4_3-branch revision 152973] (SUSE Linux) 
COMPILER_PATH=/usr/lib64/gcc/x86_64-suse-linux/4.3/:/usr/lib64/gcc/x86_64-suse-linux/4.3/:/usr/lib64/gcc/x86_64-suse-linux/:/usr/lib64/gcc/x86_64-suse-linux/4.3/:/usr/lib64/gcc/x86_64-suse-linux/:/usr/lib64/gcc/x86_64-suse-linux/4.3/../../../../x86_64-suse-linux/bin/
LIBRARY_PATH=/usr/lib64/gcc/x86_64-suse-linux/4.3/:/usr/lib64/gcc/x86_64-suse-linux/4.3/../../../../lib64/:/lib/../lib64/:/usr/lib/../lib64/:/usr/lib64/gcc/x86_64-suse-linux/4.3/../../../../x86_64-suse-linux/lib/:/usr/lib64/gcc/x86_64-suse-linux/4.3/../../../:/lib/:/usr/lib/
COLLECT_GCC_OPTIONS='-v' '-o' 'cmTryCompileExec3677007995' '-rdynamic' '-shared-libgcc' '-mtune=generic'
 /usr/lib64/gcc/x86_64-suse-linux/4.3/collect2 --build-id --eh-frame-hdr -m elf_x86_64 -export-dynamic -dynamic-linker /lib64/ld-linux-x86-64.so.2 -o cmTryCompileExec3677007995 /usr/lib64/gcc/x86_64-suse-linux/4.3/../../../../lib64/crt1.o /usr/lib64/gcc/x86_64-suse-linux/4.3/../../../../lib64/crti.o /usr/lib64/gcc/x86_64-suse-linux/4.3/crtbegin.o -L/usr/lib64/gcc/x86_64-suse-linux/4.3 -L/usr/lib64/gcc/x86_64-suse-linux/4.3/../../../../lib64 -L/lib/../lib64 -L/usr/lib/../lib64 -L/usr/lib64/gcc/x86_64-suse-linux/4.3/../../../../x86_64-suse-linux/lib -L/usr/lib64/gcc/x86_64-suse-linux/4.3/../../.. CMakeFiles/cmTryCompileExec3677007995.dir/CMakeCXXCompilerABI.cpp.o -lstdc++ -lm -lgcc_s -lgcc -lc -lgcc_s -lgcc /usr/lib64/gcc/x86_64-suse-linux/4.3/crtend.o /usr/lib64/gcc/x86_64-suse-linux/4.3/../../../../lib64/crtn.o
gmake[1]: Leaving directory `/group/SRV/Group-ScientificVisualization/FangChen/hemelb-dev/hemelb/Code/build/CMakeFiles/CMakeTmp'


Parsed CXX implicit link information from above output:
  link line regex: [^( *|.*[/\])(ld|([^/\]+-)?ld|collect2)[^/\]*( |$)]
  ignore line: [Change Dir: /group/SRV/Group-ScientificVisualization/FangChen/hemelb-dev/hemelb/Code/build/CMakeFiles/CMakeTmp]
  ignore line: []
  ignore line: [Run Build Command:/usr/bin/gmake "cmTryCompileExec3677007995/fast"]
  ignore line: [/usr/bin/gmake -f CMakeFiles/cmTryCompileExec3677007995.dir/build.make CMakeFiles/cmTryCompileExec3677007995.dir/build]
  ignore line: [gmake[1]: Entering directory `/group/SRV/Group-ScientificVisualization/FangChen/hemelb-dev/hemelb/Code/build/CMakeFiles/CMakeTmp']
  ignore line: [/usr/local/bin/cmake -E cmake_progress_report /group/SRV/Group-ScientificVisualization/FangChen/hemelb-dev/hemelb/Code/build/CMakeFiles/CMakeTmp/CMakeFiles 1]
  ignore line: [Building CXX object CMakeFiles/cmTryCompileExec3677007995.dir/CMakeCXXCompilerABI.cpp.o]
  ignore line: [/usr/bin/c++     -o CMakeFiles/cmTryCompileExec3677007995.dir/CMakeCXXCompilerABI.cpp.o -c /usr/local/share/cmake-2.8/Modules/CMakeCXXCompilerABI.cpp]
  ignore line: [Linking CXX executable cmTryCompileExec3677007995]
  ignore line: [/usr/local/bin/cmake -E cmake_link_script CMakeFiles/cmTryCompileExec3677007995.dir/link.txt --verbose=1]
  ignore line: [/usr/bin/c++      -v CMakeFiles/cmTryCompileExec3677007995.dir/CMakeCXXCompilerABI.cpp.o  -o cmTryCompileExec3677007995 -rdynamic  ]
  ignore line: [Using built-in specs.]
  ignore line: [Target: x86_64-suse-linux]
  ignore line: [Configured with: ../configure --prefix=/usr --infodir=/usr/share/info --mandir=/usr/share/man --libdir=/usr/lib64 --libexecdir=/usr/lib64 --enable-languages=c,c++,objc,fortran,obj-c++,java,ada --enable-checking=release --with-gxx-include-dir=/usr/include/c++/4.3 --enable-ssp --disable-libssp --with-bugurl=http://bugs.opensuse.org/ --with-pkgversion='SUSE Linux' --disable-libgcj --disable-libmudflap --with-slibdir=/lib64 --with-system-zlib --enable-__cxa_atexit --enable-libstdcxx-allocator=new --disable-libstdcxx-pch --enable-version-specific-runtime-libs --program-suffix=-4.3 --enable-linux-futex --without-system-libunwind --with-cpu=generic --build=x86_64-suse-linux]
  ignore line: [Thread model: posix]
  ignore line: [gcc version 4.3.4 [gcc-4_3-branch revision 152973] (SUSE Linux) ]
  ignore line: [COMPILER_PATH=/usr/lib64/gcc/x86_64-suse-linux/4.3/:/usr/lib64/gcc/x86_64-suse-linux/4.3/:/usr/lib64/gcc/x86_64-suse-linux/:/usr/lib64/gcc/x86_64-suse-linux/4.3/:/usr/lib64/gcc/x86_64-suse-linux/:/usr/lib64/gcc/x86_64-suse-linux/4.3/../../../../x86_64-suse-linux/bin/]
  ignore line: [LIBRARY_PATH=/usr/lib64/gcc/x86_64-suse-linux/4.3/:/usr/lib64/gcc/x86_64-suse-linux/4.3/../../../../lib64/:/lib/../lib64/:/usr/lib/../lib64/:/usr/lib64/gcc/x86_64-suse-linux/4.3/../../../../x86_64-suse-linux/lib/:/usr/lib64/gcc/x86_64-suse-linux/4.3/../../../:/lib/:/usr/lib/]
  ignore line: [COLLECT_GCC_OPTIONS='-v' '-o' 'cmTryCompileExec3677007995' '-rdynamic' '-shared-libgcc' '-mtune=generic']
  link line: [ /usr/lib64/gcc/x86_64-suse-linux/4.3/collect2 --build-id --eh-frame-hdr -m elf_x86_64 -export-dynamic -dynamic-linker /lib64/ld-linux-x86-64.so.2 -o cmTryCompileExec3677007995 /usr/lib64/gcc/x86_64-suse-linux/4.3/../../../../lib64/crt1.o /usr/lib64/gcc/x86_64-suse-linux/4.3/../../../../lib64/crti.o /usr/lib64/gcc/x86_64-suse-linux/4.3/crtbegin.o -L/usr/lib64/gcc/x86_64-suse-linux/4.3 -L/usr/lib64/gcc/x86_64-suse-linux/4.3/../../../../lib64 -L/lib/../lib64 -L/usr/lib/../lib64 -L/usr/lib64/gcc/x86_64-suse-linux/4.3/../../../../x86_64-suse-linux/lib -L/usr/lib64/gcc/x86_64-suse-linux/4.3/../../.. CMakeFiles/cmTryCompileExec3677007995.dir/CMakeCXXCompilerABI.cpp.o -lstdc++ -lm -lgcc_s -lgcc -lc -lgcc_s -lgcc /usr/lib64/gcc/x86_64-suse-linux/4.3/crtend.o /usr/lib64/gcc/x86_64-suse-linux/4.3/../../../../lib64/crtn.o]
    arg [/usr/lib64/gcc/x86_64-suse-linux/4.3/collect2] ==> ignore
    arg [--build-id] ==> ignore
    arg [--eh-frame-hdr] ==> ignore
    arg [-m] ==> ignore
    arg [elf_x86_64] ==> ignore
    arg [-export-dynamic] ==> ignore
    arg [-dynamic-linker] ==> ignore
    arg [/lib64/ld-linux-x86-64.so.2] ==> ignore
    arg [-o] ==> ignore
    arg [cmTryCompileExec3677007995] ==> ignore
    arg [/usr/lib64/gcc/x86_64-suse-linux/4.3/../../../../lib64/crt1.o] ==> ignore
    arg [/usr/lib64/gcc/x86_64-suse-linux/4.3/../../../../lib64/crti.o] ==> ignore
    arg [/usr/lib64/gcc/x86_64-suse-linux/4.3/crtbegin.o] ==> ignore
    arg [-L/usr/lib64/gcc/x86_64-suse-linux/4.3] ==> dir [/usr/lib64/gcc/x86_64-suse-linux/4.3]
    arg [-L/usr/lib64/gcc/x86_64-suse-linux/4.3/../../../../lib64] ==> dir [/usr/lib64/gcc/x86_64-suse-linux/4.3/../../../../lib64]
    arg [-L/lib/../lib64] ==> dir [/lib/../lib64]
    arg [-L/usr/lib/../lib64] ==> dir [/usr/lib/../lib64]
    arg [-L/usr/lib64/gcc/x86_64-suse-linux/4.3/../../../../x86_64-suse-linux/lib] ==> dir [/usr/lib64/gcc/x86_64-suse-linux/4.3/../../../../x86_64-suse-linux/lib]
    arg [-L/usr/lib64/gcc/x86_64-suse-linux/4.3/../../..] ==> dir [/usr/lib64/gcc/x86_64-suse-linux/4.3/../../..]
    arg [CMakeFiles/cmTryCompileExec3677007995.dir/CMakeCXXCompilerABI.cpp.o] ==> ignore
    arg [-lstdc++] ==> lib [stdc++]
    arg [-lm] ==> lib [m]
    arg [-lgcc_s] ==> lib [gcc_s]
    arg [-lgcc] ==> lib [gcc]
    arg [-lc] ==> lib [c]
    arg [-lgcc_s] ==> lib [gcc_s]
    arg [-lgcc] ==> lib [gcc]
    arg [/usr/lib64/gcc/x86_64-suse-linux/4.3/crtend.o] ==> ignore
    arg [/usr/lib64/gcc/x86_64-suse-linux/4.3/../../../../lib64/crtn.o] ==> ignore
  remove lib [gcc_s]
  remove lib [gcc]
  remove lib [gcc_s]
  remove lib [gcc]
  collapse library dir [/usr/lib64/gcc/x86_64-suse-linux/4.3] ==> [/usr/lib64/gcc/x86_64-suse-linux/4.3]
  collapse library dir [/usr/lib64/gcc/x86_64-suse-linux/4.3/../../../../lib64] ==> [/usr/lib64]
  collapse library dir [/lib/../lib64] ==> [/lib64]
  collapse library dir [/usr/lib/../lib64] ==> [/usr/lib64]
  collapse library dir [/usr/lib64/gcc/x86_64-suse-linux/4.3/../../../../x86_64-suse-linux/lib] ==> [/usr/x86_64-suse-linux/lib]
  collapse library dir [/usr/lib64/gcc/x86_64-suse-linux/4.3/../../..] ==> [/usr/lib64]
  implicit libs: [stdc++;m;c]
  implicit dirs: [/usr/lib64/gcc/x86_64-suse-linux/4.3;/usr/lib64;/lib64;/usr/x86_64-suse-linux/lib]
  implicit fwks: []


Performing C++ SOURCE FILE Test HAVE_ISNAN succeded with the following output:
Change Dir: /group/SRV/Group-ScientificVisualization/FangChen/hemelb-dev/hemelb/Code/build/CMakeFiles/CMakeTmp

Run Build Command:/usr/bin/gmake "cmTryCompileExec3113163001/fast"
/usr/bin/gmake -f CMakeFiles/cmTryCompileExec3113163001.dir/build.make CMakeFiles/cmTryCompileExec3113163001.dir/build
gmake[1]: Entering directory `/group/SRV/Group-ScientificVisualization/FangChen/hemelb-dev/hemelb/Code/build/CMakeFiles/CMakeTmp'
/usr/local/bin/cmake -E cmake_progress_report /group/SRV/Group-ScientificVisualization/FangChen/hemelb-dev/hemelb/Code/build/CMakeFiles/CMakeTmp/CMakeFiles 1
Building CXX object CMakeFiles/cmTryCompileExec3113163001.dir/src.cxx.o
/usr/bin/c++    -Wall -O4 -DHAVE_ISNAN   -o CMakeFiles/cmTryCompileExec3113163001.dir/src.cxx.o -c /group/SRV/Group-ScientificVisualization/FangChen/hemelb-dev/hemelb/Code/build/CMakeFiles/CMakeTmp/src.cxx
Linking CXX executable cmTryCompileExec3113163001
/usr/local/bin/cmake -E cmake_link_script CMakeFiles/cmTryCompileExec3113163001.dir/link.txt --verbose=1
/usr/bin/c++    -Wall -O4 -DHAVE_ISNAN    CMakeFiles/cmTryCompileExec3113163001.dir/src.cxx.o  -o cmTryCompileExec3113163001 -rdynamic 
gmake[1]: Leaving directory `/group/SRV/Group-ScientificVisualization/FangChen/hemelb-dev/hemelb/Code/build/CMakeFiles/CMakeTmp'

Source file was:
#include <cmath>
 int main(int c,char** v){ return isnan(1.0); }
Performing C++ SOURCE FILE Test HAVE_STD_ISNAN succeded with the following output:
Change Dir: /group/SRV/Group-ScientificVisualization/FangChen/hemelb-dev/hemelb/Code/build/CMakeFiles/CMakeTmp

Run Build Command:/usr/bin/gmake "cmTryCompileExec3830527781/fast"
/usr/bin/gmake -f CMakeFiles/cmTryCompileExec3830527781.dir/build.make CMakeFiles/cmTryCompileExec3830527781.dir/build
gmake[1]: Entering directory `/group/SRV/Group-ScientificVisualization/FangChen/hemelb-dev/hemelb/Code/build/CMakeFiles/CMakeTmp'
/usr/local/bin/cmake -E cmake_progress_report /group/SRV/Group-ScientificVisualization/FangChen/hemelb-dev/hemelb/Code/build/CMakeFiles/CMakeTmp/CMakeFiles 1
Building CXX object CMakeFiles/cmTryCompileExec3830527781.dir/src.cxx.o
/usr/bin/c++    -Wall -O4 -DHAVE_STD_ISNAN   -o CMakeFiles/cmTryCompileExec3830527781.dir/src.cxx.o -c /group/SRV/Group-ScientificVisualization/FangChen/hemelb-dev/hemelb/Code/build/CMakeFiles/CMakeTmp/src.cxx
Linking CXX executable cmTryCompileExec3830527781
/usr/local/bin/cmake -E cmake_link_script CMakeFiles/cmTryCompileExec3830527781.dir/link.txt --verbose=1
/usr/bin/c++    -Wall -O4 -DHAVE_STD_ISNAN    CMakeFiles/cmTryCompileExec3830527781.dir/src.cxx.o  -o cmTryCompileExec3830527781 -rdynamic 
gmake[1]: Leaving directory `/group/SRV/Group-ScientificVisualization/FangChen/hemelb-dev/hemelb/Code/build/CMakeFiles/CMakeTmp'

Source file was:
#include <cmath>
 int main(int c,char** v){ return std::isnan(1.0); }
Performing C++ SOURCE FILE Test HAVE_RUSAGE succeded with the following output:
Change Dir: /group/SRV/Group-ScientificVisualization/FangChen/hemelb-dev/hemelb/Code/build/CMakeFiles/CMakeTmp

Run Build Command:/usr/bin/gmake "cmTryCompileExec2853715818/fast"
/usr/bin/gmake -f CMakeFiles/cmTryCompileExec2853715818.dir/build.make CMakeFiles/cmTryCompileExec2853715818.dir/build
gmake[1]: Entering directory `/group/SRV/Group-ScientificVisualization/FangChen/hemelb-dev/hemelb/Code/build/CMakeFiles/CMakeTmp'
/usr/local/bin/cmake -E cmake_progress_report /group/SRV/Group-ScientificVisualization/FangChen/hemelb-dev/hemelb/Code/build/CMakeFiles/CMakeTmp/CMakeFiles 1
Building CXX object CMakeFiles/cmTryCompileExec2853715818.dir/src.cxx.o
/usr/bin/c++    -Wall -O4 -DHAVE_RUSAGE   -o CMakeFiles/cmTryCompileExec2853715818.dir/src.cxx.o -c /group/SRV/Group-ScientificVisualization/FangChen/hemelb-dev/hemelb/Code/build/CMakeFiles/CMakeTmp/src.cxx
Linking CXX executable cmTryCompileExec2853715818
/usr/local/bin/cmake -E cmake_link_script CMakeFiles/cmTryCompileExec2853715818.dir/link.txt --verbose=1
/usr/bin/c++    -Wall -O4 -DHAVE_RUSAGE    CMakeFiles/cmTryCompileExec2853715818.dir/src.cxx.o  -o cmTryCompileExec2853715818 -rdynamic 
gmake[1]: Leaving directory `/group/SRV/Group-ScientificVisualization/FangChen/hemelb-dev/hemelb/Code/build/CMakeFiles/CMakeTmp'

Source file was:
#include <sys/time.h>
#include <sys/resource.h>
int main(int c,char** v){ rusage usage;
getrusage(RUSAGE_SELF, &usage);
return usage.ru_maxrss; }
Performing C++ SOURCE FILE Test HAVE_XDRUINTXX_T succeded with the following output:
Change Dir: /group/SRV/Group-ScientificVisualization/FangChen/hemelb-dev/hemelb/Code/build/CMakeFiles/CMakeTmp

Run Build Command:/usr/bin/gmake "cmTryCompileExec430220805/fast"
/usr/bin/gmake -f CMakeFiles/cmTryCompileExec430220805.dir/build.make CMakeFiles/cmTryCompileExec430220805.dir/build
gmake[1]: Entering directory `/group/SRV/Group-ScientificVisualization/FangChen/hemelb-dev/hemelb/Code/build/CMakeFiles/CMakeTmp'
/usr/local/bin/cmake -E cmake_progress_report /group/SRV/Group-ScientificVisualization/FangChen/hemelb-dev/hemelb/Code/build/CMakeFiles/CMakeTmp/CMakeFiles 1
Building CXX object CMakeFiles/cmTryCompileExec430220805.dir/src.cxx.o
/usr/bin/c++    -Wall -O4 -DHAVE_XDRUINTXX_T   -o CMakeFiles/cmTryCompileExec430220805.dir/src.cxx.o -c /group/SRV/Group-ScientificVisualization/FangChen/hemelb-dev/hemelb/Code/build/CMakeFiles/CMakeTmp/src.cxx
Linking CXX executable cmTryCompileExec430220805
/usr/local/bin/cmake -E cmake_link_script CMakeFiles/cmTryCompileExec430220805.dir/link.txt --verbose=1
/usr/bin/c++    -Wall -O4 -DHAVE_XDRUINTXX_T    CMakeFiles/cmTryCompileExec430220805.dir/src.cxx.o  -o cmTryCompileExec430220805 -rdynamic 
gmake[1]: Leaving directory `/group/SRV/Group-ScientificVisualization/FangChen/hemelb-dev/hemelb/Code/build/CMakeFiles/CMakeTmp'

Source file was:

#include <stdint.h>
#include <rpc/types.h>
#include <rpc/xdr.h>
int main(int count, char** v){
  char buffer[15] = "aaaaaaaaaaaaa";
  XDR xdr;
  xdrmem_create(&xdr, buffer, 32, XDR_ENCODE);
  uint16_t a;
  uint32_t b;
  uint64_t c;
  xdr_uint16_t(&xdr, &a);
  xdr_uint32_t(&xdr, &b);
  xdr_uint64_t(&xdr, &c);
  return b;
}
Performing C++ SOURCE FILE Test LINUX_SCANDIR succeded with the following output:
Change Dir: /group/SRV/Group-ScientificVisualization/FangChen/hemelb-dev/hemelb/Code/build/CMakeFiles/CMakeTmp

Run Build Command:/usr/bin/gmake "cmTryCompileExec2395211205/fast"
/usr/bin/gmake -f CMakeFiles/cmTryCompileExec2395211205.dir/build.make CMakeFiles/cmTryCompileExec2395211205.dir/build
gmake[1]: Entering directory `/group/SRV/Group-ScientificVisualization/FangChen/hemelb-dev/hemelb/Code/build/CMakeFiles/CMakeTmp'
/usr/local/bin/cmake -E cmake_progress_report /group/SRV/Group-ScientificVisualization/FangChen/hemelb-dev/hemelb/Code/build/CMakeFiles/CMakeTmp/CMakeFiles 1
Building CXX object CMakeFiles/cmTryCompileExec2395211205.dir/src.cxx.o
/usr/bin/c++    -Wall -O4 -DLINUX_SCANDIR   -o CMakeFiles/cmTryCompileExec2395211205.dir/src.cxx.o -c /group/SRV/Group-ScientificVisualization/FangChen/hemelb-dev/hemelb/Code/build/CMakeFiles/CMakeTmp/src.cxx
/group/SRV/Group-ScientificVisualization/FangChen/hemelb-dev/hemelb/Code/build/CMakeFiles/CMakeTmp/src.cxx: In function ‘int main(int, char**)’:
/group/SRV/Group-ScientificVisualization/FangChen/hemelb-dev/hemelb/Code/build/CMakeFiles/CMakeTmp/src.cxx:23: warning: unused variable ‘file_count’
Linking CXX executable cmTryCompileExec2395211205
/usr/local/bin/cmake -E cmake_link_script CMakeFiles/cmTryCompileExec2395211205.dir/link.txt --verbose=1
/usr/bin/c++    -Wall -O4 -DLINUX_SCANDIR    CMakeFiles/cmTryCompileExec2395211205.dir/src.cxx.o  -o cmTryCompileExec2395211205 -rdynamic 
gmake[1]: Leaving directory `/group/SRV/Group-ScientificVisualization/FangChen/hemelb-dev/hemelb/Code/build/CMakeFiles/CMakeTmp'

Source file was:

#include <string>
#include <dirent.h>
#include <cstdlib>
#include <cstdio>
#include <cstring>
#include <fstream>
#include <unistd.h>
#include <sys/dir.h>
#include <sys/types.h>
#include <sys/stat.h>
#include <sstream>

typedef const struct direct direct_t;
int selectOnlyContents(direct_t *entry)
    {
    return 1;
    }
int main(int count, char** v)
    {
      std::string pathname = "	mp";
      struct direct **files;
      int file_count = scandir(pathname.c_str(), &files, selectOnlyContents, alphasort);
      return 0;
    }
Performing C++ SOURCE FILE Test HAVE_ISNAN succeded with the following output:
Change Dir: /group/SRV/Group-ScientificVisualization/FangChen/hemelb-dev/hemelb/Code/build/CMakeFiles/CMakeTmp

Run Build Command:/usr/bin/gmake "cmTryCompileExec4083097153/fast"
/usr/bin/gmake -f CMakeFiles/cmTryCompileExec4083097153.dir/build.make CMakeFiles/cmTryCompileExec4083097153.dir/build
gmake[1]: Entering directory `/group/SRV/Group-ScientificVisualization/FangChen/hemelb-dev/hemelb/Code/build/CMakeFiles/CMakeTmp'
/usr/local/bin/cmake -E cmake_progress_report /group/SRV/Group-ScientificVisualization/FangChen/hemelb-dev/hemelb/Code/build/CMakeFiles/CMakeTmp/CMakeFiles 1
Building CXX object CMakeFiles/cmTryCompileExec4083097153.dir/src.cxx.o
/usr/bin/c++    -Wall -O4 -DHAVE_ISNAN   -o CMakeFiles/cmTryCompileExec4083097153.dir/src.cxx.o -c /group/SRV/Group-ScientificVisualization/FangChen/hemelb-dev/hemelb/Code/build/CMakeFiles/CMakeTmp/src.cxx
Linking CXX executable cmTryCompileExec4083097153
/usr/local/bin/cmake -E cmake_link_script CMakeFiles/cmTryCompileExec4083097153.dir/link.txt --verbose=1
/usr/bin/c++    -Wall -O4 -DHAVE_ISNAN    CMakeFiles/cmTryCompileExec4083097153.dir/src.cxx.o  -o cmTryCompileExec4083097153 -rdynamic 
gmake[1]: Leaving directory `/group/SRV/Group-ScientificVisualization/FangChen/hemelb-dev/hemelb/Code/build/CMakeFiles/CMakeTmp'

Source file was:
#include <cmath>
 int main(int c,char** v){ return isnan(1.0); }
Performing C++ SOURCE FILE Test HAVE_STD_ISNAN succeded with the following output:
Change Dir: /group/SRV/Group-ScientificVisualization/FangChen/hemelb-dev/hemelb/Code/build/CMakeFiles/CMakeTmp

Run Build Command:/usr/bin/gmake "cmTryCompileExec2528441309/fast"
/usr/bin/gmake -f CMakeFiles/cmTryCompileExec2528441309.dir/build.make CMakeFiles/cmTryCompileExec2528441309.dir/build
gmake[1]: Entering directory `/group/SRV/Group-ScientificVisualization/FangChen/hemelb-dev/hemelb/Code/build/CMakeFiles/CMakeTmp'
/usr/local/bin/cmake -E cmake_progress_report /group/SRV/Group-ScientificVisualization/FangChen/hemelb-dev/hemelb/Code/build/CMakeFiles/CMakeTmp/CMakeFiles 1
Building CXX object CMakeFiles/cmTryCompileExec2528441309.dir/src.cxx.o
/usr/bin/c++    -Wall -O4 -DHAVE_STD_ISNAN   -o CMakeFiles/cmTryCompileExec2528441309.dir/src.cxx.o -c /group/SRV/Group-ScientificVisualization/FangChen/hemelb-dev/hemelb/Code/build/CMakeFiles/CMakeTmp/src.cxx
Linking CXX executable cmTryCompileExec2528441309
/usr/local/bin/cmake -E cmake_link_script CMakeFiles/cmTryCompileExec2528441309.dir/link.txt --verbose=1
/usr/bin/c++    -Wall -O4 -DHAVE_STD_ISNAN    CMakeFiles/cmTryCompileExec2528441309.dir/src.cxx.o  -o cmTryCompileExec2528441309 -rdynamic 
gmake[1]: Leaving directory `/group/SRV/Group-ScientificVisualization/FangChen/hemelb-dev/hemelb/Code/build/CMakeFiles/CMakeTmp'

Source file was:
#include <cmath>
 int main(int c,char** v){ return std::isnan(1.0); }
Performing C++ SOURCE FILE Test HAVE_RUSAGE succeded with the following output:
Change Dir: /group/SRV/Group-ScientificVisualization/FangChen/hemelb-dev/hemelb/Code/build/CMakeFiles/CMakeTmp

Run Build Command:/usr/bin/gmake "cmTryCompileExec4265641454/fast"
/usr/bin/gmake -f CMakeFiles/cmTryCompileExec4265641454.dir/build.make CMakeFiles/cmTryCompileExec4265641454.dir/build
gmake[1]: Entering directory `/group/SRV/Group-ScientificVisualization/FangChen/hemelb-dev/hemelb/Code/build/CMakeFiles/CMakeTmp'
/usr/local/bin/cmake -E cmake_progress_report /group/SRV/Group-ScientificVisualization/FangChen/hemelb-dev/hemelb/Code/build/CMakeFiles/CMakeTmp/CMakeFiles 1
Building CXX object CMakeFiles/cmTryCompileExec4265641454.dir/src.cxx.o
/usr/bin/c++    -Wall -O4 -DHAVE_RUSAGE   -o CMakeFiles/cmTryCompileExec4265641454.dir/src.cxx.o -c /group/SRV/Group-ScientificVisualization/FangChen/hemelb-dev/hemelb/Code/build/CMakeFiles/CMakeTmp/src.cxx
Linking CXX executable cmTryCompileExec4265641454
/usr/local/bin/cmake -E cmake_link_script CMakeFiles/cmTryCompileExec4265641454.dir/link.txt --verbose=1
/usr/bin/c++    -Wall -O4 -DHAVE_RUSAGE    CMakeFiles/cmTryCompileExec4265641454.dir/src.cxx.o  -o cmTryCompileExec4265641454 -rdynamic 
gmake[1]: Leaving directory `/group/SRV/Group-ScientificVisualization/FangChen/hemelb-dev/hemelb/Code/build/CMakeFiles/CMakeTmp'

Source file was:
#include <sys/time.h>
#include <sys/resource.h>
int main(int c,char** v){ rusage usage;
getrusage(RUSAGE_SELF, &usage);
return usage.ru_maxrss; }
Performing C++ SOURCE FILE Test HAVE_XDRUINTXX_T succeded with the following output:
Change Dir: /group/SRV/Group-ScientificVisualization/FangChen/hemelb-dev/hemelb/Code/build/CMakeFiles/CMakeTmp

Run Build Command:/usr/bin/gmake "cmTryCompileExec792148069/fast"
/usr/bin/gmake -f CMakeFiles/cmTryCompileExec792148069.dir/build.make CMakeFiles/cmTryCompileExec792148069.dir/build
gmake[1]: Entering directory `/group/SRV/Group-ScientificVisualization/FangChen/hemelb-dev/hemelb/Code/build/CMakeFiles/CMakeTmp'
/usr/local/bin/cmake -E cmake_progress_report /group/SRV/Group-ScientificVisualization/FangChen/hemelb-dev/hemelb/Code/build/CMakeFiles/CMakeTmp/CMakeFiles 1
Building CXX object CMakeFiles/cmTryCompileExec792148069.dir/src.cxx.o
/usr/bin/c++    -Wall -O4 -DHAVE_XDRUINTXX_T   -o CMakeFiles/cmTryCompileExec792148069.dir/src.cxx.o -c /group/SRV/Group-ScientificVisualization/FangChen/hemelb-dev/hemelb/Code/build/CMakeFiles/CMakeTmp/src.cxx
Linking CXX executable cmTryCompileExec792148069
/usr/local/bin/cmake -E cmake_link_script CMakeFiles/cmTryCompileExec792148069.dir/link.txt --verbose=1
/usr/bin/c++    -Wall -O4 -DHAVE_XDRUINTXX_T    CMakeFiles/cmTryCompileExec792148069.dir/src.cxx.o  -o cmTryCompileExec792148069 -rdynamic 
gmake[1]: Leaving directory `/group/SRV/Group-ScientificVisualization/FangChen/hemelb-dev/hemelb/Code/build/CMakeFiles/CMakeTmp'

Source file was:

#include <stdint.h>
#include <rpc/types.h>
#include <rpc/xdr.h>
int main(int count, char** v){
  char buffer[15] = "aaaaaaaaaaaaa";
  XDR xdr;
  xdrmem_create(&xdr, buffer, 32, XDR_ENCODE);
  uint16_t a;
  uint32_t b;
  uint64_t c;
  xdr_uint16_t(&xdr, &a);
  xdr_uint32_t(&xdr, &b);
  xdr_uint64_t(&xdr, &c);
  return b;
}
Performing C++ SOURCE FILE Test LINUX_SCANDIR succeded with the following output:
Change Dir: /group/SRV/Group-ScientificVisualization/FangChen/hemelb-dev/hemelb/Code/build/CMakeFiles/CMakeTmp

Run Build Command:/usr/bin/gmake "cmTryCompileExec2855525587/fast"
/usr/bin/gmake -f CMakeFiles/cmTryCompileExec2855525587.dir/build.make CMakeFiles/cmTryCompileExec2855525587.dir/build
gmake[1]: Entering directory `/group/SRV/Group-ScientificVisualization/FangChen/hemelb-dev/hemelb/Code/build/CMakeFiles/CMakeTmp'
/usr/local/bin/cmake -E cmake_progress_report /group/SRV/Group-ScientificVisualization/FangChen/hemelb-dev/hemelb/Code/build/CMakeFiles/CMakeTmp/CMakeFiles 1
Building CXX object CMakeFiles/cmTryCompileExec2855525587.dir/src.cxx.o
/usr/bin/c++    -Wall -O4 -DLINUX_SCANDIR   -o CMakeFiles/cmTryCompileExec2855525587.dir/src.cxx.o -c /group/SRV/Group-ScientificVisualization/FangChen/hemelb-dev/hemelb/Code/build/CMakeFiles/CMakeTmp/src.cxx
/group/SRV/Group-ScientificVisualization/FangChen/hemelb-dev/hemelb/Code/build/CMakeFiles/CMakeTmp/src.cxx: In function ‘int main(int, char**)’:
/group/SRV/Group-ScientificVisualization/FangChen/hemelb-dev/hemelb/Code/build/CMakeFiles/CMakeTmp/src.cxx:23: warning: unused variable ‘file_count’
Linking CXX executable cmTryCompileExec2855525587
/usr/local/bin/cmake -E cmake_link_script CMakeFiles/cmTryCompileExec2855525587.dir/link.txt --verbose=1
/usr/bin/c++    -Wall -O4 -DLINUX_SCANDIR    CMakeFiles/cmTryCompileExec2855525587.dir/src.cxx.o  -o cmTryCompileExec2855525587 -rdynamic 
gmake[1]: Leaving directory `/group/SRV/Group-ScientificVisualization/FangChen/hemelb-dev/hemelb/Code/build/CMakeFiles/CMakeTmp'

Source file was:

#include <string>
#include <dirent.h>
#include <cstdlib>
#include <cstdio>
#include <cstring>
#include <fstream>
#include <unistd.h>
#include <sys/dir.h>
#include <sys/types.h>
#include <sys/stat.h>
#include <sstream>

typedef const struct direct direct_t;
int selectOnlyContents(direct_t *entry)
    {
    return 1;
    }
int main(int count, char** v)
    {
      std::string pathname = "	mp";
      struct direct **files;
      int file_count = scandir(pathname.c_str(), &files, selectOnlyContents, alphasort);
      return 0;
    }
Performing C++ SOURCE FILE Test HAVE_ISNAN succeded with the following output:
Change Dir: /group/SRV/Group-ScientificVisualization/FangChen/hemelb-dev/hemelb/Code/build/CMakeFiles/CMakeTmp

Run Build Command:/usr/bin/gmake "cmTryCompileExec2584933212/fast"
/usr/bin/gmake -f CMakeFiles/cmTryCompileExec2584933212.dir/build.make CMakeFiles/cmTryCompileExec2584933212.dir/build
gmake[1]: Entering directory `/group/SRV/Group-ScientificVisualization/FangChen/hemelb-dev/hemelb/Code/build/CMakeFiles/CMakeTmp'
/usr/local/bin/cmake -E cmake_progress_report /group/SRV/Group-ScientificVisualization/FangChen/hemelb-dev/hemelb/Code/build/CMakeFiles/CMakeTmp/CMakeFiles 1
Building CXX object CMakeFiles/cmTryCompileExec2584933212.dir/src.cxx.o
/usr/bin/c++    -Wall -O4 -DHAVE_ISNAN   -o CMakeFiles/cmTryCompileExec2584933212.dir/src.cxx.o -c /group/SRV/Group-ScientificVisualization/FangChen/hemelb-dev/hemelb/Code/build/CMakeFiles/CMakeTmp/src.cxx
Linking CXX executable cmTryCompileExec2584933212
/usr/local/bin/cmake -E cmake_link_script CMakeFiles/cmTryCompileExec2584933212.dir/link.txt --verbose=1
/usr/bin/c++    -Wall -O4 -DHAVE_ISNAN    CMakeFiles/cmTryCompileExec2584933212.dir/src.cxx.o  -o cmTryCompileExec2584933212 -rdynamic 
gmake[1]: Leaving directory `/group/SRV/Group-ScientificVisualization/FangChen/hemelb-dev/hemelb/Code/build/CMakeFiles/CMakeTmp'

Source file was:
#include <cmath>
 int main(int c,char** v){ return isnan(1.0); }
Performing C++ SOURCE FILE Test HAVE_STD_ISNAN succeded with the following output:
Change Dir: /group/SRV/Group-ScientificVisualization/FangChen/hemelb-dev/hemelb/Code/build/CMakeFiles/CMakeTmp

Run Build Command:/usr/bin/gmake "cmTryCompileExec3918723124/fast"
/usr/bin/gmake -f CMakeFiles/cmTryCompileExec3918723124.dir/build.make CMakeFiles/cmTryCompileExec3918723124.dir/build
gmake[1]: Entering directory `/group/SRV/Group-ScientificVisualization/FangChen/hemelb-dev/hemelb/Code/build/CMakeFiles/CMakeTmp'
/usr/local/bin/cmake -E cmake_progress_report /group/SRV/Group-ScientificVisualization/FangChen/hemelb-dev/hemelb/Code/build/CMakeFiles/CMakeTmp/CMakeFiles 1
Building CXX object CMakeFiles/cmTryCompileExec3918723124.dir/src.cxx.o
/usr/bin/c++    -Wall -O4 -DHAVE_STD_ISNAN   -o CMakeFiles/cmTryCompileExec3918723124.dir/src.cxx.o -c /group/SRV/Group-ScientificVisualization/FangChen/hemelb-dev/hemelb/Code/build/CMakeFiles/CMakeTmp/src.cxx
Linking CXX executable cmTryCompileExec3918723124
/usr/local/bin/cmake -E cmake_link_script CMakeFiles/cmTryCompileExec3918723124.dir/link.txt --verbose=1
/usr/bin/c++    -Wall -O4 -DHAVE_STD_ISNAN    CMakeFiles/cmTryCompileExec3918723124.dir/src.cxx.o  -o cmTryCompileExec3918723124 -rdynamic 
gmake[1]: Leaving directory `/group/SRV/Group-ScientificVisualization/FangChen/hemelb-dev/hemelb/Code/build/CMakeFiles/CMakeTmp'

Source file was:
#include <cmath>
 int main(int c,char** v){ return std::isnan(1.0); }
Performing C++ SOURCE FILE Test HAVE_RUSAGE succeded with the following output:
Change Dir: /group/SRV/Group-ScientificVisualization/FangChen/hemelb-dev/hemelb/Code/build/CMakeFiles/CMakeTmp

Run Build Command:/usr/bin/gmake "cmTryCompileExec961560255/fast"
/usr/bin/gmake -f CMakeFiles/cmTryCompileExec961560255.dir/build.make CMakeFiles/cmTryCompileExec961560255.dir/build
gmake[1]: Entering directory `/group/SRV/Group-ScientificVisualization/FangChen/hemelb-dev/hemelb/Code/build/CMakeFiles/CMakeTmp'
/usr/local/bin/cmake -E cmake_progress_report /group/SRV/Group-ScientificVisualization/FangChen/hemelb-dev/hemelb/Code/build/CMakeFiles/CMakeTmp/CMakeFiles 1
Building CXX object CMakeFiles/cmTryCompileExec961560255.dir/src.cxx.o
/usr/bin/c++    -Wall -O4 -DHAVE_RUSAGE   -o CMakeFiles/cmTryCompileExec961560255.dir/src.cxx.o -c /group/SRV/Group-ScientificVisualization/FangChen/hemelb-dev/hemelb/Code/build/CMakeFiles/CMakeTmp/src.cxx
Linking CXX executable cmTryCompileExec961560255
/usr/local/bin/cmake -E cmake_link_script CMakeFiles/cmTryCompileExec961560255.dir/link.txt --verbose=1
/usr/bin/c++    -Wall -O4 -DHAVE_RUSAGE    CMakeFiles/cmTryCompileExec961560255.dir/src.cxx.o  -o cmTryCompileExec961560255 -rdynamic 
gmake[1]: Leaving directory `/group/SRV/Group-ScientificVisualization/FangChen/hemelb-dev/hemelb/Code/build/CMakeFiles/CMakeTmp'

Source file was:
#include <sys/time.h>
#include <sys/resource.h>
int main(int c,char** v){ rusage usage;
getrusage(RUSAGE_SELF, &usage);
return usage.ru_maxrss; }
Performing C++ SOURCE FILE Test HAVE_XDRUINTXX_T succeded with the following output:
Change Dir: /group/SRV/Group-ScientificVisualization/FangChen/hemelb-dev/hemelb/Code/build/CMakeFiles/CMakeTmp

Run Build Command:/usr/bin/gmake "cmTryCompileExec1918485923/fast"
/usr/bin/gmake -f CMakeFiles/cmTryCompileExec1918485923.dir/build.make CMakeFiles/cmTryCompileExec1918485923.dir/build
gmake[1]: Entering directory `/group/SRV/Group-ScientificVisualization/FangChen/hemelb-dev/hemelb/Code/build/CMakeFiles/CMakeTmp'
/usr/local/bin/cmake -E cmake_progress_report /group/SRV/Group-ScientificVisualization/FangChen/hemelb-dev/hemelb/Code/build/CMakeFiles/CMakeTmp/CMakeFiles 1
Building CXX object CMakeFiles/cmTryCompileExec1918485923.dir/src.cxx.o
/usr/bin/c++    -Wall -O4 -DHAVE_XDRUINTXX_T   -o CMakeFiles/cmTryCompileExec1918485923.dir/src.cxx.o -c /group/SRV/Group-ScientificVisualization/FangChen/hemelb-dev/hemelb/Code/build/CMakeFiles/CMakeTmp/src.cxx
Linking CXX executable cmTryCompileExec1918485923
/usr/local/bin/cmake -E cmake_link_script CMakeFiles/cmTryCompileExec1918485923.dir/link.txt --verbose=1
/usr/bin/c++    -Wall -O4 -DHAVE_XDRUINTXX_T    CMakeFiles/cmTryCompileExec1918485923.dir/src.cxx.o  -o cmTryCompileExec1918485923 -rdynamic 
gmake[1]: Leaving directory `/group/SRV/Group-ScientificVisualization/FangChen/hemelb-dev/hemelb/Code/build/CMakeFiles/CMakeTmp'

Source file was:

#include <stdint.h>
#include <rpc/types.h>
#include <rpc/xdr.h>
int main(int count, char** v){
  char buffer[15] = "aaaaaaaaaaaaa";
  XDR xdr;
  xdrmem_create(&xdr, buffer, 32, XDR_ENCODE);
  uint16_t a;
  uint32_t b;
  uint64_t c;
  xdr_uint16_t(&xdr, &a);
  xdr_uint32_t(&xdr, &b);
  xdr_uint64_t(&xdr, &c);
  return b;
}
Performing C++ SOURCE FILE Test LINUX_SCANDIR succeded with the following output:
Change Dir: /group/SRV/Group-ScientificVisualization/FangChen/hemelb-dev/hemelb/Code/build/CMakeFiles/CMakeTmp

Run Build Command:/usr/bin/gmake "cmTryCompileExec3169246664/fast"
/usr/bin/gmake -f CMakeFiles/cmTryCompileExec3169246664.dir/build.make CMakeFiles/cmTryCompileExec3169246664.dir/build
gmake[1]: Entering directory `/group/SRV/Group-ScientificVisualization/FangChen/hemelb-dev/hemelb/Code/build/CMakeFiles/CMakeTmp'
/usr/local/bin/cmake -E cmake_progress_report /group/SRV/Group-ScientificVisualization/FangChen/hemelb-dev/hemelb/Code/build/CMakeFiles/CMakeTmp/CMakeFiles 1
Building CXX object CMakeFiles/cmTryCompileExec3169246664.dir/src.cxx.o
/usr/bin/c++    -Wall -O4 -DLINUX_SCANDIR   -o CMakeFiles/cmTryCompileExec3169246664.dir/src.cxx.o -c /group/SRV/Group-ScientificVisualization/FangChen/hemelb-dev/hemelb/Code/build/CMakeFiles/CMakeTmp/src.cxx
/group/SRV/Group-ScientificVisualization/FangChen/hemelb-dev/hemelb/Code/build/CMakeFiles/CMakeTmp/src.cxx: In function ‘int main(int, char**)’:
/group/SRV/Group-ScientificVisualization/FangChen/hemelb-dev/hemelb/Code/build/CMakeFiles/CMakeTmp/src.cxx:23: warning: unused variable ‘file_count’
Linking CXX executable cmTryCompileExec3169246664
/usr/local/bin/cmake -E cmake_link_script CMakeFiles/cmTryCompileExec3169246664.dir/link.txt --verbose=1
/usr/bin/c++    -Wall -O4 -DLINUX_SCANDIR    CMakeFiles/cmTryCompileExec3169246664.dir/src.cxx.o  -o cmTryCompileExec3169246664 -rdynamic 
gmake[1]: Leaving directory `/group/SRV/Group-ScientificVisualization/FangChen/hemelb-dev/hemelb/Code/build/CMakeFiles/CMakeTmp'

Source file was:

#include <string>
#include <dirent.h>
#include <cstdlib>
#include <cstdio>
#include <cstring>
#include <fstream>
#include <unistd.h>
#include <sys/dir.h>
#include <sys/types.h>
#include <sys/stat.h>
#include <sstream>

typedef const struct direct direct_t;
int selectOnlyContents(direct_t *entry)
    {
    return 1;
    }
int main(int count, char** v)
    {
      std::string pathname = "	mp";
      struct direct **files;
      int file_count = scandir(pathname.c_str(), &files, selectOnlyContents, alphasort);
      return 0;
    }
Performing C++ SOURCE FILE Test HAVE_ISNAN succeded with the following output:
Change Dir: /group/SRV/Group-ScientificVisualization/FangChen/hemelb-dev/hemelb/Code/build/CMakeFiles/CMakeTmp

Run Build Command:/usr/bin/gmake "cmTryCompileExec3902128920/fast"
/usr/bin/gmake -f CMakeFiles/cmTryCompileExec3902128920.dir/build.make CMakeFiles/cmTryCompileExec3902128920.dir/build
gmake[1]: Entering directory `/group/SRV/Group-ScientificVisualization/FangChen/hemelb-dev/hemelb/Code/build/CMakeFiles/CMakeTmp'
/usr/local/bin/cmake -E cmake_progress_report /group/SRV/Group-ScientificVisualization/FangChen/hemelb-dev/hemelb/Code/build/CMakeFiles/CMakeTmp/CMakeFiles 1
Building CXX object CMakeFiles/cmTryCompileExec3902128920.dir/src.cxx.o
/usr/bin/c++    -Wall -O4 -DHAVE_ISNAN   -o CMakeFiles/cmTryCompileExec3902128920.dir/src.cxx.o -c /group/SRV/Group-ScientificVisualization/FangChen/hemelb-dev/hemelb/Code/build/CMakeFiles/CMakeTmp/src.cxx
Linking CXX executable cmTryCompileExec3902128920
/usr/local/bin/cmake -E cmake_link_script CMakeFiles/cmTryCompileExec3902128920.dir/link.txt --verbose=1
/usr/bin/c++    -Wall -O4 -DHAVE_ISNAN    CMakeFiles/cmTryCompileExec3902128920.dir/src.cxx.o  -o cmTryCompileExec3902128920 -rdynamic 
gmake[1]: Leaving directory `/group/SRV/Group-ScientificVisualization/FangChen/hemelb-dev/hemelb/Code/build/CMakeFiles/CMakeTmp'

Source file was:
#include <cmath>
 int main(int c,char** v){ return isnan(1.0); }
Performing C++ SOURCE FILE Test HAVE_STD_ISNAN succeded with the following output:
Change Dir: /group/SRV/Group-ScientificVisualization/FangChen/hemelb-dev/hemelb/Code/build/CMakeFiles/CMakeTmp

Run Build Command:/usr/bin/gmake "cmTryCompileExec1971788963/fast"
/usr/bin/gmake -f CMakeFiles/cmTryCompileExec1971788963.dir/build.make CMakeFiles/cmTryCompileExec1971788963.dir/build
gmake[1]: Entering directory `/group/SRV/Group-ScientificVisualization/FangChen/hemelb-dev/hemelb/Code/build/CMakeFiles/CMakeTmp'
/usr/local/bin/cmake -E cmake_progress_report /group/SRV/Group-ScientificVisualization/FangChen/hemelb-dev/hemelb/Code/build/CMakeFiles/CMakeTmp/CMakeFiles 1
Building CXX object CMakeFiles/cmTryCompileExec1971788963.dir/src.cxx.o
/usr/bin/c++    -Wall -O4 -DHAVE_STD_ISNAN   -o CMakeFiles/cmTryCompileExec1971788963.dir/src.cxx.o -c /group/SRV/Group-ScientificVisualization/FangChen/hemelb-dev/hemelb/Code/build/CMakeFiles/CMakeTmp/src.cxx
Linking CXX executable cmTryCompileExec1971788963
/usr/local/bin/cmake -E cmake_link_script CMakeFiles/cmTryCompileExec1971788963.dir/link.txt --verbose=1
/usr/bin/c++    -Wall -O4 -DHAVE_STD_ISNAN    CMakeFiles/cmTryCompileExec1971788963.dir/src.cxx.o  -o cmTryCompileExec1971788963 -rdynamic 
gmake[1]: Leaving directory `/group/SRV/Group-ScientificVisualization/FangChen/hemelb-dev/hemelb/Code/build/CMakeFiles/CMakeTmp'

Source file was:
#include <cmath>
 int main(int c,char** v){ return std::isnan(1.0); }
Performing C++ SOURCE FILE Test HAVE_RUSAGE succeded with the following output:
Change Dir: /group/SRV/Group-ScientificVisualization/FangChen/hemelb-dev/hemelb/Code/build/CMakeFiles/CMakeTmp

Run Build Command:/usr/bin/gmake "cmTryCompileExec1864662596/fast"
/usr/bin/gmake -f CMakeFiles/cmTryCompileExec1864662596.dir/build.make CMakeFiles/cmTryCompileExec1864662596.dir/build
gmake[1]: Entering directory `/group/SRV/Group-ScientificVisualization/FangChen/hemelb-dev/hemelb/Code/build/CMakeFiles/CMakeTmp'
/usr/local/bin/cmake -E cmake_progress_report /group/SRV/Group-ScientificVisualization/FangChen/hemelb-dev/hemelb/Code/build/CMakeFiles/CMakeTmp/CMakeFiles 1
Building CXX object CMakeFiles/cmTryCompileExec1864662596.dir/src.cxx.o
/usr/bin/c++    -Wall -O4 -DHAVE_RUSAGE   -o CMakeFiles/cmTryCompileExec1864662596.dir/src.cxx.o -c /group/SRV/Group-ScientificVisualization/FangChen/hemelb-dev/hemelb/Code/build/CMakeFiles/CMakeTmp/src.cxx
Linking CXX executable cmTryCompileExec1864662596
/usr/local/bin/cmake -E cmake_link_script CMakeFiles/cmTryCompileExec1864662596.dir/link.txt --verbose=1
/usr/bin/c++    -Wall -O4 -DHAVE_RUSAGE    CMakeFiles/cmTryCompileExec1864662596.dir/src.cxx.o  -o cmTryCompileExec1864662596 -rdynamic 
gmake[1]: Leaving directory `/group/SRV/Group-ScientificVisualization/FangChen/hemelb-dev/hemelb/Code/build/CMakeFiles/CMakeTmp'

Source file was:
#include <sys/time.h>
#include <sys/resource.h>
int main(int c,char** v){ rusage usage;
getrusage(RUSAGE_SELF, &usage);
return usage.ru_maxrss; }
Performing C++ SOURCE FILE Test HAVE_XDRUINTXX_T succeded with the following output:
Change Dir: /group/SRV/Group-ScientificVisualization/FangChen/hemelb-dev/hemelb/Code/build/CMakeFiles/CMakeTmp

Run Build Command:/usr/bin/gmake "cmTryCompileExec3197981665/fast"
/usr/bin/gmake -f CMakeFiles/cmTryCompileExec3197981665.dir/build.make CMakeFiles/cmTryCompileExec3197981665.dir/build
gmake[1]: Entering directory `/group/SRV/Group-ScientificVisualization/FangChen/hemelb-dev/hemelb/Code/build/CMakeFiles/CMakeTmp'
/usr/local/bin/cmake -E cmake_progress_report /group/SRV/Group-ScientificVisualization/FangChen/hemelb-dev/hemelb/Code/build/CMakeFiles/CMakeTmp/CMakeFiles 1
Building CXX object CMakeFiles/cmTryCompileExec3197981665.dir/src.cxx.o
/usr/bin/c++    -Wall -O4 -DHAVE_XDRUINTXX_T   -o CMakeFiles/cmTryCompileExec3197981665.dir/src.cxx.o -c /group/SRV/Group-ScientificVisualization/FangChen/hemelb-dev/hemelb/Code/build/CMakeFiles/CMakeTmp/src.cxx
Linking CXX executable cmTryCompileExec3197981665
/usr/local/bin/cmake -E cmake_link_script CMakeFiles/cmTryCompileExec3197981665.dir/link.txt --verbose=1
/usr/bin/c++    -Wall -O4 -DHAVE_XDRUINTXX_T    CMakeFiles/cmTryCompileExec3197981665.dir/src.cxx.o  -o cmTryCompileExec3197981665 -rdynamic 
gmake[1]: Leaving directory `/group/SRV/Group-ScientificVisualization/FangChen/hemelb-dev/hemelb/Code/build/CMakeFiles/CMakeTmp'

Source file was:

#include <stdint.h>
#include <rpc/types.h>
#include <rpc/xdr.h>
int main(int count, char** v){
  char buffer[15] = "aaaaaaaaaaaaa";
  XDR xdr;
  xdrmem_create(&xdr, buffer, 32, XDR_ENCODE);
  uint16_t a;
  uint32_t b;
  uint64_t c;
  xdr_uint16_t(&xdr, &a);
  xdr_uint32_t(&xdr, &b);
  xdr_uint64_t(&xdr, &c);
  return b;
}
Performing C++ SOURCE FILE Test LINUX_SCANDIR succeded with the following output:
Change Dir: /group/SRV/Group-ScientificVisualization/FangChen/hemelb-dev/hemelb/Code/build/CMakeFiles/CMakeTmp

Run Build Command:/usr/bin/gmake "cmTryCompileExec1127547424/fast"
/usr/bin/gmake -f CMakeFiles/cmTryCompileExec1127547424.dir/build.make CMakeFiles/cmTryCompileExec1127547424.dir/build
gmake[1]: Entering directory `/group/SRV/Group-ScientificVisualization/FangChen/hemelb-dev/hemelb/Code/build/CMakeFiles/CMakeTmp'
/usr/local/bin/cmake -E cmake_progress_report /group/SRV/Group-ScientificVisualization/FangChen/hemelb-dev/hemelb/Code/build/CMakeFiles/CMakeTmp/CMakeFiles 1
Building CXX object CMakeFiles/cmTryCompileExec1127547424.dir/src.cxx.o
/usr/bin/c++    -Wall -O4 -DLINUX_SCANDIR   -o CMakeFiles/cmTryCompileExec1127547424.dir/src.cxx.o -c /group/SRV/Group-ScientificVisualization/FangChen/hemelb-dev/hemelb/Code/build/CMakeFiles/CMakeTmp/src.cxx
/group/SRV/Group-ScientificVisualization/FangChen/hemelb-dev/hemelb/Code/build/CMakeFiles/CMakeTmp/src.cxx: In function ‘int main(int, char**)’:
/group/SRV/Group-ScientificVisualization/FangChen/hemelb-dev/hemelb/Code/build/CMakeFiles/CMakeTmp/src.cxx:23: warning: unused variable ‘file_count’
Linking CXX executable cmTryCompileExec1127547424
/usr/local/bin/cmake -E cmake_link_script CMakeFiles/cmTryCompileExec1127547424.dir/link.txt --verbose=1
/usr/bin/c++    -Wall -O4 -DLINUX_SCANDIR    CMakeFiles/cmTryCompileExec1127547424.dir/src.cxx.o  -o cmTryCompileExec1127547424 -rdynamic 
gmake[1]: Leaving directory `/group/SRV/Group-ScientificVisualization/FangChen/hemelb-dev/hemelb/Code/build/CMakeFiles/CMakeTmp'

Source file was:

#include <string>
#include <dirent.h>
#include <cstdlib>
#include <cstdio>
#include <cstring>
#include <fstream>
#include <unistd.h>
#include <sys/dir.h>
#include <sys/types.h>
#include <sys/stat.h>
#include <sstream>

typedef const struct direct direct_t;
int selectOnlyContents(direct_t *entry)
    {
    return 1;
    }
int main(int count, char** v)
    {
      std::string pathname = "	mp";
      struct direct **files;
      int file_count = scandir(pathname.c_str(), &files, selectOnlyContents, alphasort);
      return 0;
    }
Performing C++ SOURCE FILE Test HAVE_ISNAN succeded with the following output:
Change Dir: /group/SRV/Group-ScientificVisualization/FangChen/hemelb-dev/hemelb/Code/build/CMakeFiles/CMakeTmp

Run Build Command:/usr/bin/gmake "cmTryCompileExec4269288354/fast"
/usr/bin/gmake -f CMakeFiles/cmTryCompileExec4269288354.dir/build.make CMakeFiles/cmTryCompileExec4269288354.dir/build
gmake[1]: Entering directory `/group/SRV/Group-ScientificVisualization/FangChen/hemelb-dev/hemelb/Code/build/CMakeFiles/CMakeTmp'
/usr/local/bin/cmake -E cmake_progress_report /group/SRV/Group-ScientificVisualization/FangChen/hemelb-dev/hemelb/Code/build/CMakeFiles/CMakeTmp/CMakeFiles 1
Building CXX object CMakeFiles/cmTryCompileExec4269288354.dir/src.cxx.o
/usr/bin/c++    -Wall -O4 -DHAVE_ISNAN   -o CMakeFiles/cmTryCompileExec4269288354.dir/src.cxx.o -c /group/SRV/Group-ScientificVisualization/FangChen/hemelb-dev/hemelb/Code/build/CMakeFiles/CMakeTmp/src.cxx
Linking CXX executable cmTryCompileExec4269288354
/usr/local/bin/cmake -E cmake_link_script CMakeFiles/cmTryCompileExec4269288354.dir/link.txt --verbose=1
/usr/bin/c++    -Wall -O4 -DHAVE_ISNAN    CMakeFiles/cmTryCompileExec4269288354.dir/src.cxx.o  -o cmTryCompileExec4269288354 -rdynamic 
gmake[1]: Leaving directory `/group/SRV/Group-ScientificVisualization/FangChen/hemelb-dev/hemelb/Code/build/CMakeFiles/CMakeTmp'

Source file was:
#include <cmath>
 int main(int c,char** v){ return isnan(1.0); }
Performing C++ SOURCE FILE Test HAVE_STD_ISNAN succeded with the following output:
Change Dir: /group/SRV/Group-ScientificVisualization/FangChen/hemelb-dev/hemelb/Code/build/CMakeFiles/CMakeTmp

Run Build Command:/usr/bin/gmake "cmTryCompileExec3793325635/fast"
/usr/bin/gmake -f CMakeFiles/cmTryCompileExec3793325635.dir/build.make CMakeFiles/cmTryCompileExec3793325635.dir/build
gmake[1]: Entering directory `/group/SRV/Group-ScientificVisualization/FangChen/hemelb-dev/hemelb/Code/build/CMakeFiles/CMakeTmp'
/usr/local/bin/cmake -E cmake_progress_report /group/SRV/Group-ScientificVisualization/FangChen/hemelb-dev/hemelb/Code/build/CMakeFiles/CMakeTmp/CMakeFiles 1
Building CXX object CMakeFiles/cmTryCompileExec3793325635.dir/src.cxx.o
/usr/bin/c++    -Wall -O4 -DHAVE_STD_ISNAN   -o CMakeFiles/cmTryCompileExec3793325635.dir/src.cxx.o -c /group/SRV/Group-ScientificVisualization/FangChen/hemelb-dev/hemelb/Code/build/CMakeFiles/CMakeTmp/src.cxx
Linking CXX executable cmTryCompileExec3793325635
/usr/local/bin/cmake -E cmake_link_script CMakeFiles/cmTryCompileExec3793325635.dir/link.txt --verbose=1
/usr/bin/c++    -Wall -O4 -DHAVE_STD_ISNAN    CMakeFiles/cmTryCompileExec3793325635.dir/src.cxx.o  -o cmTryCompileExec3793325635 -rdynamic 
gmake[1]: Leaving directory `/group/SRV/Group-ScientificVisualization/FangChen/hemelb-dev/hemelb/Code/build/CMakeFiles/CMakeTmp'

Source file was:
#include <cmath>
 int main(int c,char** v){ return std::isnan(1.0); }
Performing C++ SOURCE FILE Test HAVE_RUSAGE succeded with the following output:
Change Dir: /group/SRV/Group-ScientificVisualization/FangChen/hemelb-dev/hemelb/Code/build/CMakeFiles/CMakeTmp

Run Build Command:/usr/bin/gmake "cmTryCompileExec1632381122/fast"
/usr/bin/gmake -f CMakeFiles/cmTryCompileExec1632381122.dir/build.make CMakeFiles/cmTryCompileExec1632381122.dir/build
gmake[1]: Entering directory `/group/SRV/Group-ScientificVisualization/FangChen/hemelb-dev/hemelb/Code/build/CMakeFiles/CMakeTmp'
/usr/local/bin/cmake -E cmake_progress_report /group/SRV/Group-ScientificVisualization/FangChen/hemelb-dev/hemelb/Code/build/CMakeFiles/CMakeTmp/CMakeFiles 1
Building CXX object CMakeFiles/cmTryCompileExec1632381122.dir/src.cxx.o
/usr/bin/c++    -Wall -O4 -DHAVE_RUSAGE   -o CMakeFiles/cmTryCompileExec1632381122.dir/src.cxx.o -c /group/SRV/Group-ScientificVisualization/FangChen/hemelb-dev/hemelb/Code/build/CMakeFiles/CMakeTmp/src.cxx
Linking CXX executable cmTryCompileExec1632381122
/usr/local/bin/cmake -E cmake_link_script CMakeFiles/cmTryCompileExec1632381122.dir/link.txt --verbose=1
/usr/bin/c++    -Wall -O4 -DHAVE_RUSAGE    CMakeFiles/cmTryCompileExec1632381122.dir/src.cxx.o  -o cmTryCompileExec1632381122 -rdynamic 
gmake[1]: Leaving directory `/group/SRV/Group-ScientificVisualization/FangChen/hemelb-dev/hemelb/Code/build/CMakeFiles/CMakeTmp'

Source file was:
#include <sys/time.h>
#include <sys/resource.h>
int main(int c,char** v){ rusage usage;
getrusage(RUSAGE_SELF, &usage);
return usage.ru_maxrss; }
Performing C++ SOURCE FILE Test HAVE_XDRUINTXX_T succeded with the following output:
Change Dir: /group/SRV/Group-ScientificVisualization/FangChen/hemelb-dev/hemelb/Code/build/CMakeFiles/CMakeTmp

Run Build Command:/usr/bin/gmake "cmTryCompileExec2556351913/fast"
/usr/bin/gmake -f CMakeFiles/cmTryCompileExec2556351913.dir/build.make CMakeFiles/cmTryCompileExec2556351913.dir/build
gmake[1]: Entering directory `/group/SRV/Group-ScientificVisualization/FangChen/hemelb-dev/hemelb/Code/build/CMakeFiles/CMakeTmp'
/usr/local/bin/cmake -E cmake_progress_report /group/SRV/Group-ScientificVisualization/FangChen/hemelb-dev/hemelb/Code/build/CMakeFiles/CMakeTmp/CMakeFiles 1
Building CXX object CMakeFiles/cmTryCompileExec2556351913.dir/src.cxx.o
/usr/bin/c++    -Wall -O4 -DHAVE_XDRUINTXX_T   -o CMakeFiles/cmTryCompileExec2556351913.dir/src.cxx.o -c /group/SRV/Group-ScientificVisualization/FangChen/hemelb-dev/hemelb/Code/build/CMakeFiles/CMakeTmp/src.cxx
Linking CXX executable cmTryCompileExec2556351913
/usr/local/bin/cmake -E cmake_link_script CMakeFiles/cmTryCompileExec2556351913.dir/link.txt --verbose=1
/usr/bin/c++    -Wall -O4 -DHAVE_XDRUINTXX_T    CMakeFiles/cmTryCompileExec2556351913.dir/src.cxx.o  -o cmTryCompileExec2556351913 -rdynamic 
gmake[1]: Leaving directory `/group/SRV/Group-ScientificVisualization/FangChen/hemelb-dev/hemelb/Code/build/CMakeFiles/CMakeTmp'

Source file was:

#include <stdint.h>
#include <rpc/types.h>
#include <rpc/xdr.h>
int main(int count, char** v){
  char buffer[15] = "aaaaaaaaaaaaa";
  XDR xdr;
  xdrmem_create(&xdr, buffer, 32, XDR_ENCODE);
  uint16_t a;
  uint32_t b;
  uint64_t c;
  xdr_uint16_t(&xdr, &a);
  xdr_uint32_t(&xdr, &b);
  xdr_uint64_t(&xdr, &c);
  return b;
}
Performing C++ SOURCE FILE Test LINUX_SCANDIR succeded with the following output:
Change Dir: /group/SRV/Group-ScientificVisualization/FangChen/hemelb-dev/hemelb/Code/build/CMakeFiles/CMakeTmp

Run Build Command:/usr/bin/gmake "cmTryCompileExec857228110/fast"
/usr/bin/gmake -f CMakeFiles/cmTryCompileExec857228110.dir/build.make CMakeFiles/cmTryCompileExec857228110.dir/build
gmake[1]: Entering directory `/group/SRV/Group-ScientificVisualization/FangChen/hemelb-dev/hemelb/Code/build/CMakeFiles/CMakeTmp'
/usr/local/bin/cmake -E cmake_progress_report /group/SRV/Group-ScientificVisualization/FangChen/hemelb-dev/hemelb/Code/build/CMakeFiles/CMakeTmp/CMakeFiles 1
Building CXX object CMakeFiles/cmTryCompileExec857228110.dir/src.cxx.o
/usr/bin/c++    -Wall -O4 -DLINUX_SCANDIR   -o CMakeFiles/cmTryCompileExec857228110.dir/src.cxx.o -c /group/SRV/Group-ScientificVisualization/FangChen/hemelb-dev/hemelb/Code/build/CMakeFiles/CMakeTmp/src.cxx
/group/SRV/Group-ScientificVisualization/FangChen/hemelb-dev/hemelb/Code/build/CMakeFiles/CMakeTmp/src.cxx: In function ‘int main(int, char**)’:
/group/SRV/Group-ScientificVisualization/FangChen/hemelb-dev/hemelb/Code/build/CMakeFiles/CMakeTmp/src.cxx:23: warning: unused variable ‘file_count’
Linking CXX executable cmTryCompileExec857228110
/usr/local/bin/cmake -E cmake_link_script CMakeFiles/cmTryCompileExec857228110.dir/link.txt --verbose=1
/usr/bin/c++    -Wall -O4 -DLINUX_SCANDIR    CMakeFiles/cmTryCompileExec857228110.dir/src.cxx.o  -o cmTryCompileExec857228110 -rdynamic 
gmake[1]: Leaving directory `/group/SRV/Group-ScientificVisualization/FangChen/hemelb-dev/hemelb/Code/build/CMakeFiles/CMakeTmp'

Source file was:

#include <string>
#include <dirent.h>
#include <cstdlib>
#include <cstdio>
#include <cstring>
#include <fstream>
#include <unistd.h>
#include <sys/dir.h>
#include <sys/types.h>
#include <sys/stat.h>
#include <sstream>

typedef const struct direct direct_t;
int selectOnlyContents(direct_t *entry)
    {
    return 1;
    }
int main(int count, char** v)
    {
      std::string pathname = "	mp";
      struct direct **files;
      int file_count = scandir(pathname.c_str(), &files, selectOnlyContents, alphasort);
      return 0;
    }
